[2026-06-27T16:46:26.249+0000] {local_task_job_runner.py:120} INFO - ::group::Pre task execution logs
[2026-06-27T16:46:26.261+0000] {taskinstance.py:2076} INFO - Dependencies all met for dep_context=non-requeueable deps ti=<TaskInstance: course_data_pipeline.dbt_snapshot manual__2026-06-27T16:45:54.019887+00:00 [queued]>
[2026-06-27T16:46:26.263+0000] {taskinstance.py:2076} INFO - Dependencies all met for dep_context=requeueable deps ti=<TaskInstance: course_data_pipeline.dbt_snapshot manual__2026-06-27T16:45:54.019887+00:00 [queued]>
[2026-06-27T16:46:26.263+0000] {taskinstance.py:2306} INFO - Starting attempt 1 of 2
[2026-06-27T16:46:26.267+0000] {taskinstance.py:2330} INFO - Executing <Task(BashOperator): dbt_snapshot> on 2026-06-27 16:45:54.019887+00:00
[2026-06-27T16:46:26.270+0000] {standard_task_runner.py:90} INFO - Running: ['***', 'tasks', 'run', 'course_data_pipeline', 'dbt_snapshot', 'manual__2026-06-27T16:45:54.019887+00:00', '--job-id', '4', '--raw', '--subdir', 'DAGS_FOLDER/course_data_pipeline.py', '--cfg-path', '/tmp/tmpliks3es8']
[2026-06-27T16:46:26.271+0000] {standard_task_runner.py:91} INFO - Job 4: Subtask dbt_snapshot
[2026-06-27T16:46:26.270+0000] {logging_mixin.py:188} WARNING - /home/***/.local/lib/python3.12/site-packages/***/task/task_runner/standard_task_runner.py:62 DeprecationWarning: This process (pid=395) is multi-threaded, use of fork() may lead to deadlocks in the child.
[2026-06-27T16:46:26.271+0000] {standard_task_runner.py:64} INFO - Started process 396 to run task
[2026-06-27T16:46:26.284+0000] {task_command.py:426} INFO - Running <TaskInstance: course_data_pipeline.dbt_snapshot manual__2026-06-27T16:45:54.019887+00:00 [running]> on host 9ada56374f3d
[2026-06-27T16:46:26.307+0000] {taskinstance.py:2648} INFO - Exporting env vars: AIRFLOW_CTX_DAG_OWNER='course_data_team' AIRFLOW_CTX_DAG_ID='course_data_pipeline' AIRFLOW_CTX_TASK_ID='dbt_snapshot' AIRFLOW_CTX_EXECUTION_DATE='2026-06-27T16:45:54.019887+00:00' AIRFLOW_CTX_TRY_NUMBER='1' AIRFLOW_CTX_DAG_RUN_ID='manual__2026-06-27T16:45:54.019887+00:00'
[2026-06-27T16:46:26.307+0000] {taskinstance.py:430} INFO - ::endgroup::
[2026-06-27T16:46:26.312+0000] {subprocess.py:63} INFO - Tmp dir root location: /tmp
[2026-06-27T16:46:26.313+0000] {subprocess.py:75} INFO - Running command: ['/usr/bin/bash', '-c', 'dbt snapshot --project-dir /opt/***/course-data-pipeline/dbt_project --profiles-dir /opt/***/course-data-pipeline/dbt_project ']
[2026-06-27T16:46:26.315+0000] {subprocess.py:86} INFO - Output:
[2026-06-27T16:46:27.155+0000] {subprocess.py:93} INFO - [0m16:46:27  Running with dbt=1.11.11
[2026-06-27T16:46:27.275+0000] {subprocess.py:93} INFO - [0m16:46:27  Registered adapter: duckdb=1.10.1
[2026-06-27T16:46:27.302+0000] {subprocess.py:93} INFO - [0m16:46:27  Encountered an error:
[2026-06-27T16:46:27.302+0000] {subprocess.py:93} INFO - Compilation Error
[2026-06-27T16:46:27.302+0000] {subprocess.py:93} INFO -   dbt found 1 package(s) specified in packages.yml, but only 0 package(s) installed in dbt_packages. Run "dbt deps" to install package dependencies.
[2026-06-27T16:46:28.003+0000] {subprocess.py:97} INFO - Command exited with return code 2
[2026-06-27T16:46:28.004+0000] {taskinstance.py:441} INFO - ::group::Post task execution logs
[2026-06-27T16:46:28.008+0000] {taskinstance.py:2905} ERROR - Task failed with exception
Traceback (most recent call last):
  File "/home/airflow/.local/lib/python3.12/site-packages/airflow/models/taskinstance.py", line 465, in _execute_task
    result = _execute_callable(context=context, **execute_callable_kwargs)
             ^^^^^^^^^^^^^^^^^^^^^^^^^^^^^^^^^^^^^^^^^^^^^^^^^^^^^^^^^^^^^
  File "/home/airflow/.local/lib/python3.12/site-packages/airflow/models/taskinstance.py", line 432, in _execute_callable
    return execute_callable(context=context, **execute_callable_kwargs)
           ^^^^^^^^^^^^^^^^^^^^^^^^^^^^^^^^^^^^^^^^^^^^^^^^^^^^^^^^^^^^
  File "/home/airflow/.local/lib/python3.12/site-packages/airflow/models/baseoperator.py", line 401, in wrapper
    return func(self, *args, **kwargs)
           ^^^^^^^^^^^^^^^^^^^^^^^^^^^
  File "/home/airflow/.local/lib/python3.12/site-packages/airflow/operators/bash.py", line 243, in execute
    raise AirflowException(
airflow.exceptions.AirflowException: Bash command failed. The command returned a non-zero exit code 2.
[2026-06-27T16:46:28.009+0000] {taskinstance.py:1206} INFO - Marking task as UP_FOR_RETRY. dag_id=course_data_pipeline, task_id=dbt_snapshot, run_id=manual__2026-06-27T16:45:54.019887+00:00, execution_date=20260627T164554, start_date=20260627T164626, end_date=20260627T164628
[2026-06-27T16:46:28.013+0000] {standard_task_runner.py:110} ERROR - Failed to execute job 4 for task dbt_snapshot (Bash command failed. The command returned a non-zero exit code 2.; 396)
[2026-06-27T16:46:28.036+0000] {local_task_job_runner.py:243} INFO - Task exited with return code 1
[2026-06-27T16:46:28.043+0000] {taskinstance.py:3503} INFO - 0 downstream tasks scheduled from follow-on schedule check
[2026-06-27T16:46:28.043+0000] {local_task_job_runner.py:222} INFO - ::endgroup::
