[2026-06-27T16:40:20.027+0000] {processor.py:161} INFO - Started process (PID=182) to work on /opt/airflow/dags/course_data_pipeline.py
[2026-06-27T16:40:20.028+0000] {processor.py:830} INFO - Processing file /opt/airflow/dags/course_data_pipeline.py for tasks to queue
[2026-06-27T16:40:20.032+0000] {logging_mixin.py:188} INFO - [2026-06-27T16:40:20.032+0000] {dagbag.py:545} INFO - Filling up the DagBag from /opt/airflow/dags/course_data_pipeline.py
[2026-06-27T16:40:20.050+0000] {processor.py:840} INFO - DAG(s) 'course_data_pipeline' retrieved from /opt/airflow/dags/course_data_pipeline.py
[2026-06-27T16:40:20.171+0000] {logging_mixin.py:188} INFO - [2026-06-27T16:40:20.171+0000] {override.py:1858} INFO - Created Permission View: can read on DAG:course_data_pipeline
[2026-06-27T16:40:20.175+0000] {logging_mixin.py:188} INFO - [2026-06-27T16:40:20.175+0000] {override.py:1858} INFO - Created Permission View: can edit on DAG:course_data_pipeline
[2026-06-27T16:40:20.177+0000] {logging_mixin.py:188} INFO - [2026-06-27T16:40:20.177+0000] {override.py:1858} INFO - Created Permission View: can delete on DAG:course_data_pipeline
[2026-06-27T16:40:20.177+0000] {logging_mixin.py:188} INFO - [2026-06-27T16:40:20.177+0000] {dag.py:3089} INFO - Sync 1 DAGs
[2026-06-27T16:40:20.183+0000] {logging_mixin.py:188} INFO - [2026-06-27T16:40:20.182+0000] {dag.py:3111} INFO - Creating ORM DAG for course_data_pipeline
[2026-06-27T16:40:20.183+0000] {logging_mixin.py:188} INFO - [2026-06-27T16:40:20.183+0000] {dag.py:3947} INFO - Setting next_dagrun for course_data_pipeline to None, run_after=None
[2026-06-27T16:40:20.194+0000] {processor.py:183} INFO - Processing /opt/airflow/dags/course_data_pipeline.py took 0.169 seconds
[2026-06-27T16:40:50.456+0000] {processor.py:161} INFO - Started process (PID=192) to work on /opt/airflow/dags/course_data_pipeline.py
[2026-06-27T16:40:50.457+0000] {processor.py:830} INFO - Processing file /opt/airflow/dags/course_data_pipeline.py for tasks to queue
[2026-06-27T16:40:50.459+0000] {logging_mixin.py:188} INFO - [2026-06-27T16:40:50.459+0000] {dagbag.py:545} INFO - Filling up the DagBag from /opt/airflow/dags/course_data_pipeline.py
[2026-06-27T16:40:50.472+0000] {processor.py:840} INFO - DAG(s) 'course_data_pipeline' retrieved from /opt/airflow/dags/course_data_pipeline.py
[2026-06-27T16:40:50.491+0000] {logging_mixin.py:188} INFO - [2026-06-27T16:40:50.491+0000] {dag.py:3089} INFO - Sync 1 DAGs
[2026-06-27T16:40:50.497+0000] {logging_mixin.py:188} INFO - [2026-06-27T16:40:50.497+0000] {dag.py:3947} INFO - Setting next_dagrun for course_data_pipeline to None, run_after=None
[2026-06-27T16:40:50.510+0000] {processor.py:183} INFO - Processing /opt/airflow/dags/course_data_pipeline.py took 0.061 seconds
[2026-06-27T16:41:20.855+0000] {processor.py:161} INFO - Started process (PID=202) to work on /opt/airflow/dags/course_data_pipeline.py
[2026-06-27T16:41:20.856+0000] {processor.py:830} INFO - Processing file /opt/airflow/dags/course_data_pipeline.py for tasks to queue
[2026-06-27T16:41:20.858+0000] {logging_mixin.py:188} INFO - [2026-06-27T16:41:20.857+0000] {dagbag.py:545} INFO - Filling up the DagBag from /opt/airflow/dags/course_data_pipeline.py
[2026-06-27T16:41:20.868+0000] {processor.py:840} INFO - DAG(s) 'course_data_pipeline' retrieved from /opt/airflow/dags/course_data_pipeline.py
[2026-06-27T16:41:20.886+0000] {logging_mixin.py:188} INFO - [2026-06-27T16:41:20.886+0000] {dag.py:3089} INFO - Sync 1 DAGs
[2026-06-27T16:41:20.894+0000] {logging_mixin.py:188} INFO - [2026-06-27T16:41:20.894+0000] {dag.py:3947} INFO - Setting next_dagrun for course_data_pipeline to None, run_after=None
[2026-06-27T16:41:20.905+0000] {processor.py:183} INFO - Processing /opt/airflow/dags/course_data_pipeline.py took 0.056 seconds
[2026-06-27T16:41:51.208+0000] {processor.py:161} INFO - Started process (PID=212) to work on /opt/airflow/dags/course_data_pipeline.py
[2026-06-27T16:41:51.208+0000] {processor.py:830} INFO - Processing file /opt/airflow/dags/course_data_pipeline.py for tasks to queue
[2026-06-27T16:41:51.210+0000] {logging_mixin.py:188} INFO - [2026-06-27T16:41:51.209+0000] {dagbag.py:545} INFO - Filling up the DagBag from /opt/airflow/dags/course_data_pipeline.py
[2026-06-27T16:41:51.219+0000] {processor.py:840} INFO - DAG(s) 'course_data_pipeline' retrieved from /opt/airflow/dags/course_data_pipeline.py
[2026-06-27T16:41:51.237+0000] {logging_mixin.py:188} INFO - [2026-06-27T16:41:51.237+0000] {dag.py:3089} INFO - Sync 1 DAGs
[2026-06-27T16:41:51.247+0000] {logging_mixin.py:188} INFO - [2026-06-27T16:41:51.247+0000] {dag.py:3947} INFO - Setting next_dagrun for course_data_pipeline to None, run_after=None
[2026-06-27T16:41:51.260+0000] {processor.py:183} INFO - Processing /opt/airflow/dags/course_data_pipeline.py took 0.056 seconds
[2026-06-27T16:42:21.506+0000] {processor.py:161} INFO - Started process (PID=249) to work on /opt/airflow/dags/course_data_pipeline.py
[2026-06-27T16:42:21.507+0000] {processor.py:830} INFO - Processing file /opt/airflow/dags/course_data_pipeline.py for tasks to queue
[2026-06-27T16:42:21.509+0000] {logging_mixin.py:188} INFO - [2026-06-27T16:42:21.508+0000] {dagbag.py:545} INFO - Filling up the DagBag from /opt/airflow/dags/course_data_pipeline.py
[2026-06-27T16:42:21.519+0000] {processor.py:840} INFO - DAG(s) 'course_data_pipeline' retrieved from /opt/airflow/dags/course_data_pipeline.py
[2026-06-27T16:42:21.537+0000] {logging_mixin.py:188} INFO - [2026-06-27T16:42:21.537+0000] {dag.py:3089} INFO - Sync 1 DAGs
[2026-06-27T16:42:21.546+0000] {logging_mixin.py:188} INFO - [2026-06-27T16:42:21.546+0000] {dag.py:3947} INFO - Setting next_dagrun for course_data_pipeline to None, run_after=None
[2026-06-27T16:42:21.557+0000] {processor.py:183} INFO - Processing /opt/airflow/dags/course_data_pipeline.py took 0.056 seconds
[2026-06-27T16:42:51.866+0000] {processor.py:161} INFO - Started process (PID=259) to work on /opt/airflow/dags/course_data_pipeline.py
[2026-06-27T16:42:51.868+0000] {processor.py:830} INFO - Processing file /opt/airflow/dags/course_data_pipeline.py for tasks to queue
[2026-06-27T16:42:51.869+0000] {logging_mixin.py:188} INFO - [2026-06-27T16:42:51.869+0000] {dagbag.py:545} INFO - Filling up the DagBag from /opt/airflow/dags/course_data_pipeline.py
[2026-06-27T16:42:51.882+0000] {processor.py:840} INFO - DAG(s) 'course_data_pipeline' retrieved from /opt/airflow/dags/course_data_pipeline.py
[2026-06-27T16:42:51.905+0000] {logging_mixin.py:188} INFO - [2026-06-27T16:42:51.905+0000] {dag.py:3089} INFO - Sync 1 DAGs
[2026-06-27T16:42:51.912+0000] {logging_mixin.py:188} INFO - [2026-06-27T16:42:51.912+0000] {dag.py:3947} INFO - Setting next_dagrun for course_data_pipeline to None, run_after=None
[2026-06-27T16:42:51.920+0000] {processor.py:183} INFO - Processing /opt/airflow/dags/course_data_pipeline.py took 0.062 seconds
[2026-06-27T16:43:22.185+0000] {processor.py:161} INFO - Started process (PID=269) to work on /opt/airflow/dags/course_data_pipeline.py
[2026-06-27T16:43:22.186+0000] {processor.py:830} INFO - Processing file /opt/airflow/dags/course_data_pipeline.py for tasks to queue
[2026-06-27T16:43:22.187+0000] {logging_mixin.py:188} INFO - [2026-06-27T16:43:22.187+0000] {dagbag.py:545} INFO - Filling up the DagBag from /opt/airflow/dags/course_data_pipeline.py
[2026-06-27T16:43:22.197+0000] {processor.py:840} INFO - DAG(s) 'course_data_pipeline' retrieved from /opt/airflow/dags/course_data_pipeline.py
[2026-06-27T16:43:22.216+0000] {logging_mixin.py:188} INFO - [2026-06-27T16:43:22.216+0000] {dag.py:3089} INFO - Sync 1 DAGs
[2026-06-27T16:43:22.222+0000] {logging_mixin.py:188} INFO - [2026-06-27T16:43:22.222+0000] {dag.py:3947} INFO - Setting next_dagrun for course_data_pipeline to None, run_after=None
[2026-06-27T16:43:22.234+0000] {processor.py:183} INFO - Processing /opt/airflow/dags/course_data_pipeline.py took 0.056 seconds
[2026-06-27T16:43:52.587+0000] {processor.py:161} INFO - Started process (PID=285) to work on /opt/airflow/dags/course_data_pipeline.py
[2026-06-27T16:43:52.588+0000] {processor.py:830} INFO - Processing file /opt/airflow/dags/course_data_pipeline.py for tasks to queue
[2026-06-27T16:43:52.590+0000] {logging_mixin.py:188} INFO - [2026-06-27T16:43:52.590+0000] {dagbag.py:545} INFO - Filling up the DagBag from /opt/airflow/dags/course_data_pipeline.py
[2026-06-27T16:43:52.603+0000] {processor.py:840} INFO - DAG(s) 'course_data_pipeline' retrieved from /opt/airflow/dags/course_data_pipeline.py
[2026-06-27T16:43:52.624+0000] {logging_mixin.py:188} INFO - [2026-06-27T16:43:52.624+0000] {dag.py:3089} INFO - Sync 1 DAGs
[2026-06-27T16:43:52.631+0000] {logging_mixin.py:188} INFO - [2026-06-27T16:43:52.631+0000] {dag.py:3947} INFO - Setting next_dagrun for course_data_pipeline to None, run_after=None
[2026-06-27T16:43:52.643+0000] {processor.py:183} INFO - Processing /opt/airflow/dags/course_data_pipeline.py took 0.064 seconds
[2026-06-27T16:44:22.956+0000] {processor.py:161} INFO - Started process (PID=295) to work on /opt/airflow/dags/course_data_pipeline.py
[2026-06-27T16:44:22.957+0000] {processor.py:830} INFO - Processing file /opt/airflow/dags/course_data_pipeline.py for tasks to queue
[2026-06-27T16:44:22.958+0000] {logging_mixin.py:188} INFO - [2026-06-27T16:44:22.958+0000] {dagbag.py:545} INFO - Filling up the DagBag from /opt/airflow/dags/course_data_pipeline.py
[2026-06-27T16:44:22.966+0000] {processor.py:840} INFO - DAG(s) 'course_data_pipeline' retrieved from /opt/airflow/dags/course_data_pipeline.py
[2026-06-27T16:44:22.987+0000] {logging_mixin.py:188} INFO - [2026-06-27T16:44:22.987+0000] {dag.py:3089} INFO - Sync 1 DAGs
[2026-06-27T16:44:22.995+0000] {logging_mixin.py:188} INFO - [2026-06-27T16:44:22.995+0000] {dag.py:3947} INFO - Setting next_dagrun for course_data_pipeline to None, run_after=None
[2026-06-27T16:44:23.006+0000] {processor.py:183} INFO - Processing /opt/airflow/dags/course_data_pipeline.py took 0.055 seconds
[2026-06-27T16:44:53.345+0000] {processor.py:161} INFO - Started process (PID=305) to work on /opt/airflow/dags/course_data_pipeline.py
[2026-06-27T16:44:53.345+0000] {processor.py:830} INFO - Processing file /opt/airflow/dags/course_data_pipeline.py for tasks to queue
[2026-06-27T16:44:53.348+0000] {logging_mixin.py:188} INFO - [2026-06-27T16:44:53.347+0000] {dagbag.py:545} INFO - Filling up the DagBag from /opt/airflow/dags/course_data_pipeline.py
[2026-06-27T16:44:53.359+0000] {processor.py:840} INFO - DAG(s) 'course_data_pipeline' retrieved from /opt/airflow/dags/course_data_pipeline.py
[2026-06-27T16:44:53.378+0000] {logging_mixin.py:188} INFO - [2026-06-27T16:44:53.378+0000] {dag.py:3089} INFO - Sync 1 DAGs
[2026-06-27T16:44:53.387+0000] {logging_mixin.py:188} INFO - [2026-06-27T16:44:53.387+0000] {dag.py:3947} INFO - Setting next_dagrun for course_data_pipeline to None, run_after=None
[2026-06-27T16:44:53.400+0000] {processor.py:183} INFO - Processing /opt/airflow/dags/course_data_pipeline.py took 0.062 seconds
[2026-06-27T16:45:23.633+0000] {processor.py:161} INFO - Started process (PID=321) to work on /opt/airflow/dags/course_data_pipeline.py
[2026-06-27T16:45:23.634+0000] {processor.py:830} INFO - Processing file /opt/airflow/dags/course_data_pipeline.py for tasks to queue
[2026-06-27T16:45:23.635+0000] {logging_mixin.py:188} INFO - [2026-06-27T16:45:23.635+0000] {dagbag.py:545} INFO - Filling up the DagBag from /opt/airflow/dags/course_data_pipeline.py
[2026-06-27T16:45:23.639+0000] {processor.py:840} INFO - DAG(s) 'course_data_pipeline' retrieved from /opt/airflow/dags/course_data_pipeline.py
[2026-06-27T16:45:23.654+0000] {logging_mixin.py:188} INFO - [2026-06-27T16:45:23.654+0000] {dag.py:3089} INFO - Sync 1 DAGs
[2026-06-27T16:45:23.664+0000] {logging_mixin.py:188} INFO - [2026-06-27T16:45:23.664+0000] {dag.py:3947} INFO - Setting next_dagrun for course_data_pipeline to None, run_after=None
[2026-06-27T16:45:23.677+0000] {processor.py:183} INFO - Processing /opt/airflow/dags/course_data_pipeline.py took 0.047 seconds
[2026-06-27T16:45:53.940+0000] {processor.py:161} INFO - Started process (PID=343) to work on /opt/airflow/dags/course_data_pipeline.py
[2026-06-27T16:45:53.940+0000] {processor.py:830} INFO - Processing file /opt/airflow/dags/course_data_pipeline.py for tasks to queue
[2026-06-27T16:45:53.942+0000] {logging_mixin.py:188} INFO - [2026-06-27T16:45:53.942+0000] {dagbag.py:545} INFO - Filling up the DagBag from /opt/airflow/dags/course_data_pipeline.py
[2026-06-27T16:45:53.953+0000] {processor.py:840} INFO - DAG(s) 'course_data_pipeline' retrieved from /opt/airflow/dags/course_data_pipeline.py
[2026-06-27T16:45:53.974+0000] {logging_mixin.py:188} INFO - [2026-06-27T16:45:53.974+0000] {dag.py:3089} INFO - Sync 1 DAGs
[2026-06-27T16:45:53.981+0000] {logging_mixin.py:188} INFO - [2026-06-27T16:45:53.981+0000] {dag.py:3947} INFO - Setting next_dagrun for course_data_pipeline to None, run_after=None
[2026-06-27T16:45:53.998+0000] {processor.py:183} INFO - Processing /opt/airflow/dags/course_data_pipeline.py took 0.063 seconds
[2026-06-27T16:46:24.264+0000] {processor.py:161} INFO - Started process (PID=385) to work on /opt/airflow/dags/course_data_pipeline.py
[2026-06-27T16:46:24.264+0000] {processor.py:830} INFO - Processing file /opt/airflow/dags/course_data_pipeline.py for tasks to queue
[2026-06-27T16:46:24.266+0000] {logging_mixin.py:188} INFO - [2026-06-27T16:46:24.265+0000] {dagbag.py:545} INFO - Filling up the DagBag from /opt/airflow/dags/course_data_pipeline.py
[2026-06-27T16:46:24.273+0000] {processor.py:840} INFO - DAG(s) 'course_data_pipeline' retrieved from /opt/airflow/dags/course_data_pipeline.py
[2026-06-27T16:46:24.289+0000] {logging_mixin.py:188} INFO - [2026-06-27T16:46:24.288+0000] {dag.py:3089} INFO - Sync 1 DAGs
[2026-06-27T16:46:24.295+0000] {logging_mixin.py:188} INFO - [2026-06-27T16:46:24.295+0000] {dag.py:3947} INFO - Setting next_dagrun for course_data_pipeline to None, run_after=None
[2026-06-27T16:46:24.304+0000] {processor.py:183} INFO - Processing /opt/airflow/dags/course_data_pipeline.py took 0.045 seconds
[2026-06-27T16:46:54.600+0000] {processor.py:161} INFO - Started process (PID=409) to work on /opt/airflow/dags/course_data_pipeline.py
[2026-06-27T16:46:54.601+0000] {processor.py:830} INFO - Processing file /opt/airflow/dags/course_data_pipeline.py for tasks to queue
[2026-06-27T16:46:54.603+0000] {logging_mixin.py:188} INFO - [2026-06-27T16:46:54.603+0000] {dagbag.py:545} INFO - Filling up the DagBag from /opt/airflow/dags/course_data_pipeline.py
[2026-06-27T16:46:54.616+0000] {processor.py:840} INFO - DAG(s) 'course_data_pipeline' retrieved from /opt/airflow/dags/course_data_pipeline.py
[2026-06-27T16:46:54.638+0000] {logging_mixin.py:188} INFO - [2026-06-27T16:46:54.638+0000] {dag.py:3089} INFO - Sync 1 DAGs
[2026-06-27T16:46:54.646+0000] {logging_mixin.py:188} INFO - [2026-06-27T16:46:54.646+0000] {dag.py:3947} INFO - Setting next_dagrun for course_data_pipeline to None, run_after=None
[2026-06-27T16:46:54.658+0000] {processor.py:183} INFO - Processing /opt/airflow/dags/course_data_pipeline.py took 0.067 seconds
[2026-06-27T16:47:24.936+0000] {processor.py:161} INFO - Started process (PID=419) to work on /opt/airflow/dags/course_data_pipeline.py
[2026-06-27T16:47:24.937+0000] {processor.py:830} INFO - Processing file /opt/airflow/dags/course_data_pipeline.py for tasks to queue
[2026-06-27T16:47:24.938+0000] {logging_mixin.py:188} INFO - [2026-06-27T16:47:24.938+0000] {dagbag.py:545} INFO - Filling up the DagBag from /opt/airflow/dags/course_data_pipeline.py
[2026-06-27T16:47:24.945+0000] {processor.py:840} INFO - DAG(s) 'course_data_pipeline' retrieved from /opt/airflow/dags/course_data_pipeline.py
[2026-06-27T16:47:24.962+0000] {logging_mixin.py:188} INFO - [2026-06-27T16:47:24.962+0000] {dag.py:3089} INFO - Sync 1 DAGs
[2026-06-27T16:47:24.970+0000] {logging_mixin.py:188} INFO - [2026-06-27T16:47:24.970+0000] {dag.py:3947} INFO - Setting next_dagrun for course_data_pipeline to None, run_after=None
[2026-06-27T16:47:24.981+0000] {processor.py:183} INFO - Processing /opt/airflow/dags/course_data_pipeline.py took 0.052 seconds
[2026-06-27T16:47:55.291+0000] {processor.py:161} INFO - Started process (PID=435) to work on /opt/airflow/dags/course_data_pipeline.py
[2026-06-27T16:47:55.292+0000] {processor.py:830} INFO - Processing file /opt/airflow/dags/course_data_pipeline.py for tasks to queue
[2026-06-27T16:47:55.294+0000] {logging_mixin.py:188} INFO - [2026-06-27T16:47:55.294+0000] {dagbag.py:545} INFO - Filling up the DagBag from /opt/airflow/dags/course_data_pipeline.py
[2026-06-27T16:47:55.304+0000] {processor.py:840} INFO - DAG(s) 'course_data_pipeline' retrieved from /opt/airflow/dags/course_data_pipeline.py
[2026-06-27T16:47:55.323+0000] {logging_mixin.py:188} INFO - [2026-06-27T16:47:55.323+0000] {dag.py:3089} INFO - Sync 1 DAGs
[2026-06-27T16:47:55.330+0000] {logging_mixin.py:188} INFO - [2026-06-27T16:47:55.330+0000] {dag.py:3947} INFO - Setting next_dagrun for course_data_pipeline to None, run_after=None
[2026-06-27T16:47:55.342+0000] {processor.py:183} INFO - Processing /opt/airflow/dags/course_data_pipeline.py took 0.060 seconds
[2026-06-27T16:48:16.541+0000] {processor.py:161} INFO - Started process (PID=445) to work on /opt/airflow/dags/course_data_pipeline.py
[2026-06-27T16:48:16.542+0000] {processor.py:830} INFO - Processing file /opt/airflow/dags/course_data_pipeline.py for tasks to queue
[2026-06-27T16:48:16.543+0000] {logging_mixin.py:188} INFO - [2026-06-27T16:48:16.543+0000] {dagbag.py:545} INFO - Filling up the DagBag from /opt/airflow/dags/course_data_pipeline.py
[2026-06-27T16:48:16.552+0000] {processor.py:840} INFO - DAG(s) 'course_data_pipeline' retrieved from /opt/airflow/dags/course_data_pipeline.py
[2026-06-27T16:48:16.599+0000] {logging_mixin.py:188} INFO - [2026-06-27T16:48:16.599+0000] {dag.py:3089} INFO - Sync 1 DAGs
[2026-06-27T16:48:16.603+0000] {logging_mixin.py:188} INFO - [2026-06-27T16:48:16.603+0000] {dag.py:3947} INFO - Setting next_dagrun for course_data_pipeline to None, run_after=None
[2026-06-27T16:48:16.610+0000] {processor.py:183} INFO - Processing /opt/airflow/dags/course_data_pipeline.py took 0.074 seconds
[2026-06-27T16:48:46.884+0000] {processor.py:161} INFO - Started process (PID=514) to work on /opt/airflow/dags/course_data_pipeline.py
[2026-06-27T16:48:46.885+0000] {processor.py:830} INFO - Processing file /opt/airflow/dags/course_data_pipeline.py for tasks to queue
[2026-06-27T16:48:46.888+0000] {logging_mixin.py:188} INFO - [2026-06-27T16:48:46.887+0000] {dagbag.py:545} INFO - Filling up the DagBag from /opt/airflow/dags/course_data_pipeline.py
[2026-06-27T16:48:46.899+0000] {processor.py:840} INFO - DAG(s) 'course_data_pipeline' retrieved from /opt/airflow/dags/course_data_pipeline.py
[2026-06-27T16:48:46.919+0000] {logging_mixin.py:188} INFO - [2026-06-27T16:48:46.919+0000] {dag.py:3089} INFO - Sync 1 DAGs
[2026-06-27T16:48:46.924+0000] {logging_mixin.py:188} INFO - [2026-06-27T16:48:46.924+0000] {dag.py:3947} INFO - Setting next_dagrun for course_data_pipeline to None, run_after=None
[2026-06-27T16:48:46.931+0000] {processor.py:183} INFO - Processing /opt/airflow/dags/course_data_pipeline.py took 0.054 seconds
[2026-06-27T16:49:17.221+0000] {processor.py:161} INFO - Started process (PID=530) to work on /opt/airflow/dags/course_data_pipeline.py
[2026-06-27T16:49:17.222+0000] {processor.py:830} INFO - Processing file /opt/airflow/dags/course_data_pipeline.py for tasks to queue
[2026-06-27T16:49:17.224+0000] {logging_mixin.py:188} INFO - [2026-06-27T16:49:17.224+0000] {dagbag.py:545} INFO - Filling up the DagBag from /opt/airflow/dags/course_data_pipeline.py
[2026-06-27T16:49:17.235+0000] {processor.py:840} INFO - DAG(s) 'course_data_pipeline' retrieved from /opt/airflow/dags/course_data_pipeline.py
[2026-06-27T16:49:17.256+0000] {logging_mixin.py:188} INFO - [2026-06-27T16:49:17.256+0000] {dag.py:3089} INFO - Sync 1 DAGs
[2026-06-27T16:49:17.262+0000] {logging_mixin.py:188} INFO - [2026-06-27T16:49:17.262+0000] {dag.py:3947} INFO - Setting next_dagrun for course_data_pipeline to None, run_after=None
[2026-06-27T16:49:17.269+0000] {processor.py:183} INFO - Processing /opt/airflow/dags/course_data_pipeline.py took 0.055 seconds
[2026-06-27T16:49:46.527+0000] {processor.py:161} INFO - Started process (PID=613) to work on /opt/airflow/dags/course_data_pipeline.py
[2026-06-27T16:49:46.528+0000] {processor.py:830} INFO - Processing file /opt/airflow/dags/course_data_pipeline.py for tasks to queue
[2026-06-27T16:49:46.530+0000] {logging_mixin.py:188} INFO - [2026-06-27T16:49:46.529+0000] {dagbag.py:545} INFO - Filling up the DagBag from /opt/airflow/dags/course_data_pipeline.py
[2026-06-27T16:49:46.539+0000] {processor.py:840} INFO - DAG(s) 'course_data_pipeline' retrieved from /opt/airflow/dags/course_data_pipeline.py
[2026-06-27T16:49:46.591+0000] {logging_mixin.py:188} INFO - [2026-06-27T16:49:46.591+0000] {dag.py:3089} INFO - Sync 1 DAGs
[2026-06-27T16:49:46.594+0000] {logging_mixin.py:188} INFO - [2026-06-27T16:49:46.594+0000] {dag.py:3947} INFO - Setting next_dagrun for course_data_pipeline to None, run_after=None
[2026-06-27T16:49:46.601+0000] {processor.py:183} INFO - Processing /opt/airflow/dags/course_data_pipeline.py took 0.079 seconds
[2026-06-27T16:50:16.874+0000] {processor.py:161} INFO - Started process (PID=652) to work on /opt/airflow/dags/course_data_pipeline.py
[2026-06-27T16:50:16.875+0000] {processor.py:830} INFO - Processing file /opt/airflow/dags/course_data_pipeline.py for tasks to queue
[2026-06-27T16:50:16.877+0000] {logging_mixin.py:188} INFO - [2026-06-27T16:50:16.877+0000] {dagbag.py:545} INFO - Filling up the DagBag from /opt/airflow/dags/course_data_pipeline.py
[2026-06-27T16:50:16.888+0000] {processor.py:840} INFO - DAG(s) 'course_data_pipeline' retrieved from /opt/airflow/dags/course_data_pipeline.py
[2026-06-27T16:50:16.909+0000] {logging_mixin.py:188} INFO - [2026-06-27T16:50:16.909+0000] {dag.py:3089} INFO - Sync 1 DAGs
[2026-06-27T16:50:16.915+0000] {logging_mixin.py:188} INFO - [2026-06-27T16:50:16.915+0000] {dag.py:3947} INFO - Setting next_dagrun for course_data_pipeline to None, run_after=None
[2026-06-27T16:50:16.922+0000] {processor.py:183} INFO - Processing /opt/airflow/dags/course_data_pipeline.py took 0.055 seconds
[2026-06-27T16:50:47.206+0000] {processor.py:161} INFO - Started process (PID=695) to work on /opt/airflow/dags/course_data_pipeline.py
[2026-06-27T16:50:47.207+0000] {processor.py:830} INFO - Processing file /opt/airflow/dags/course_data_pipeline.py for tasks to queue
[2026-06-27T16:50:47.209+0000] {logging_mixin.py:188} INFO - [2026-06-27T16:50:47.209+0000] {dagbag.py:545} INFO - Filling up the DagBag from /opt/airflow/dags/course_data_pipeline.py
[2026-06-27T16:50:47.220+0000] {processor.py:840} INFO - DAG(s) 'course_data_pipeline' retrieved from /opt/airflow/dags/course_data_pipeline.py
[2026-06-27T16:50:47.239+0000] {logging_mixin.py:188} INFO - [2026-06-27T16:50:47.239+0000] {dag.py:3089} INFO - Sync 1 DAGs
[2026-06-27T16:50:47.244+0000] {logging_mixin.py:188} INFO - [2026-06-27T16:50:47.244+0000] {dag.py:3947} INFO - Setting next_dagrun for course_data_pipeline to None, run_after=None
[2026-06-27T16:50:47.251+0000] {processor.py:183} INFO - Processing /opt/airflow/dags/course_data_pipeline.py took 0.051 seconds
