[2026-06-27T16:48:26.476+0000] {local_task_job_runner.py:120} INFO - ::group::Pre task execution logs
[2026-06-27T16:48:26.488+0000] {taskinstance.py:2076} INFO - Dependencies all met for dep_context=non-requeueable deps ti=<TaskInstance: course_data_pipeline.dbt_snapshot manual__2026-06-27T16:42:08+00:00 [queued]>
[2026-06-27T16:48:26.491+0000] {taskinstance.py:2076} INFO - Dependencies all met for dep_context=requeueable deps ti=<TaskInstance: course_data_pipeline.dbt_snapshot manual__2026-06-27T16:42:08+00:00 [queued]>
[2026-06-27T16:48:26.491+0000] {taskinstance.py:2306} INFO - Starting attempt 1 of 2
[2026-06-27T16:48:26.494+0000] {taskinstance.py:2330} INFO - Executing <Task(BashOperator): dbt_snapshot> on 2026-06-27 16:42:08+00:00
[2026-06-27T16:48:26.497+0000] {standard_task_runner.py:90} INFO - Running: ['***', 'tasks', 'run', 'course_data_pipeline', 'dbt_snapshot', 'manual__2026-06-27T16:42:08+00:00', '--job-id', '7', '--raw', '--subdir', 'DAGS_FOLDER/course_data_pipeline.py', '--cfg-path', '/tmp/tmpets7u3oy']
[2026-06-27T16:48:26.498+0000] {standard_task_runner.py:91} INFO - Job 7: Subtask dbt_snapshot
[2026-06-27T16:48:26.498+0000] {logging_mixin.py:188} WARNING - /home/***/.local/lib/python3.12/site-packages/***/task/task_runner/standard_task_runner.py:62 DeprecationWarning: This process (pid=469) is multi-threaded, use of fork() may lead to deadlocks in the child.
[2026-06-27T16:48:26.498+0000] {standard_task_runner.py:64} INFO - Started process 470 to run task
[2026-06-27T16:48:26.512+0000] {task_command.py:426} INFO - Running <TaskInstance: course_data_pipeline.dbt_snapshot manual__2026-06-27T16:42:08+00:00 [running]> on host 9ada56374f3d
[2026-06-27T16:48:26.535+0000] {taskinstance.py:2648} INFO - Exporting env vars: AIRFLOW_CTX_DAG_OWNER='course_data_team' AIRFLOW_CTX_DAG_ID='course_data_pipeline' AIRFLOW_CTX_TASK_ID='dbt_snapshot' AIRFLOW_CTX_EXECUTION_DATE='2026-06-27T16:42:08+00:00' AIRFLOW_CTX_TRY_NUMBER='1' AIRFLOW_CTX_DAG_RUN_ID='manual__2026-06-27T16:42:08+00:00'
[2026-06-27T16:48:26.535+0000] {taskinstance.py:430} INFO - ::endgroup::
[2026-06-27T16:48:26.539+0000] {subprocess.py:63} INFO - Tmp dir root location: /tmp
[2026-06-27T16:48:26.540+0000] {subprocess.py:75} INFO - Running command: ['/usr/bin/bash', '-c', 'cd /opt/***/course-data-pipeline/dbt_project && dbt snapshot --project-dir /opt/***/course-data-pipeline/dbt_project --profiles-dir /opt/***/course-data-pipeline/dbt_project ']
[2026-06-27T16:48:26.542+0000] {subprocess.py:86} INFO - Output:
[2026-06-27T16:48:27.378+0000] {subprocess.py:93} INFO - [0m16:48:27  Running with dbt=1.11.11
[2026-06-27T16:48:27.493+0000] {subprocess.py:93} INFO - [0m16:48:27  Registered adapter: duckdb=1.10.1
[2026-06-27T16:48:27.524+0000] {subprocess.py:93} INFO - [0m16:48:27  Unable to do partial parsing because saved manifest not found. Starting full parse.
[2026-06-27T16:48:28.169+0000] {subprocess.py:93} INFO - [0m16:48:28  [[33mWARNING[0m][MissingArgumentsPropertyInGenericTestDeprecation]: Deprecated
[2026-06-27T16:48:28.170+0000] {subprocess.py:93} INFO - functionality
[2026-06-27T16:48:28.170+0000] {subprocess.py:93} INFO - Found top-level arguments to test `accepted_values` defined on 'stg_coursera' in
[2026-06-27T16:48:28.170+0000] {subprocess.py:93} INFO - package 'dbt_project' (models/staging/schema.yml). Arguments to generic tests
[2026-06-27T16:48:28.170+0000] {subprocess.py:93} INFO - should be nested under the `arguments` property.
[2026-06-27T16:48:28.508+0000] {subprocess.py:93} INFO - [0m16:48:28  Found 14 models, 1 snapshot, 1 analysis, 73 data tests, 3 sources, 603 macros
[2026-06-27T16:48:28.509+0000] {subprocess.py:93} INFO - [0m16:48:28
[2026-06-27T16:48:28.510+0000] {subprocess.py:93} INFO - [0m16:48:28  Concurrency: 1 threads (target='dev')
[2026-06-27T16:48:28.510+0000] {subprocess.py:93} INFO - [0m16:48:28
[2026-06-27T16:48:28.560+0000] {subprocess.py:93} INFO - [0m16:48:28  1 of 1 START snapshot snapshots.offering_snapshot .............................. [RUN]
[2026-06-27T16:48:28.599+0000] {subprocess.py:93} INFO - [0m16:48:28  1 of 1 ERROR snapshotting snapshots.offering_snapshot .......................... [[31mERROR[0m in 0.04s]
[2026-06-27T16:48:28.603+0000] {subprocess.py:93} INFO - [0m16:48:28
[2026-06-27T16:48:28.603+0000] {subprocess.py:93} INFO - [0m16:48:28  Finished running 1 snapshot in 0 hours 0 minutes and 0.09 seconds (0.09s).
[2026-06-27T16:48:28.637+0000] {subprocess.py:93} INFO - [0m16:48:28
[2026-06-27T16:48:28.638+0000] {subprocess.py:93} INFO - [0m16:48:28  [31mCompleted with 1 error, 0 partial successes, and 0 warnings:[0m
[2026-06-27T16:48:28.638+0000] {subprocess.py:93} INFO - [0m16:48:28
[2026-06-27T16:48:28.638+0000] {subprocess.py:93} INFO - [0m16:48:28  [31mFailure in snapshot offering_snapshot (snapshots/offering_snapshot.sql)[0m
[2026-06-27T16:48:28.638+0000] {subprocess.py:93} INFO - [0m16:48:28    Runtime Error in snapshot offering_snapshot (snapshots/offering_snapshot.sql)
[2026-06-27T16:48:28.638+0000] {subprocess.py:93} INFO -   Catalog Error: Table with name int_courses_standardized does not exist!
[2026-06-27T16:48:28.638+0000] {subprocess.py:93} INFO -   Did you mean "information_schema.constraint_table_usage"?
[2026-06-27T16:48:28.639+0000] {subprocess.py:93} INFO - 
[2026-06-27T16:48:28.639+0000] {subprocess.py:93} INFO -   LINE 22: FROM "dbt_local"."main"."int_courses_standardized"
[2026-06-27T16:48:28.639+0000] {subprocess.py:93} INFO -                 ^
[2026-06-27T16:48:28.639+0000] {subprocess.py:93} INFO - [0m16:48:28
[2026-06-27T16:48:28.639+0000] {subprocess.py:93} INFO - [0m16:48:28  Done. PASS=0 WARN=0 ERROR=1 SKIP=0 NO-OP=0 TOTAL=1
[2026-06-27T16:48:28.639+0000] {subprocess.py:93} INFO - [0m16:48:28  [[33mWARNING[0m][DeprecationsSummary]: Deprecated functionality
[2026-06-27T16:48:28.639+0000] {subprocess.py:93} INFO - Summary of encountered deprecations:
[2026-06-27T16:48:28.639+0000] {subprocess.py:93} INFO - - MissingArgumentsPropertyInGenericTestDeprecation: 31 occurrences
[2026-06-27T16:48:28.639+0000] {subprocess.py:93} INFO - To see all deprecation instances instead of just the first occurrence of each,
[2026-06-27T16:48:28.639+0000] {subprocess.py:93} INFO - run command again with the `--show-all-deprecations` flag. You may also need to
[2026-06-27T16:48:28.639+0000] {subprocess.py:93} INFO - run with `--no-partial-parse` as some deprecations are only encountered during
[2026-06-27T16:48:28.640+0000] {subprocess.py:93} INFO - parsing.
[2026-06-27T16:48:29.400+0000] {subprocess.py:97} INFO - Command exited with return code 1
[2026-06-27T16:48:29.401+0000] {taskinstance.py:441} INFO - ::group::Post task execution logs
[2026-06-27T16:48:29.406+0000] {taskinstance.py:2905} ERROR - Task failed with exception
Traceback (most recent call last):
  File "/home/airflow/.local/lib/python3.12/site-packages/airflow/models/taskinstance.py", line 465, in _execute_task
    result = _execute_callable(context=context, **execute_callable_kwargs)
             ^^^^^^^^^^^^^^^^^^^^^^^^^^^^^^^^^^^^^^^^^^^^^^^^^^^^^^^^^^^^^
  File "/home/airflow/.local/lib/python3.12/site-packages/airflow/models/taskinstance.py", line 432, in _execute_callable
    return execute_callable(context=context, **execute_callable_kwargs)
           ^^^^^^^^^^^^^^^^^^^^^^^^^^^^^^^^^^^^^^^^^^^^^^^^^^^^^^^^^^^^
  File "/home/airflow/.local/lib/python3.12/site-packages/airflow/models/baseoperator.py", line 401, in wrapper
    return func(self, *args, **kwargs)
           ^^^^^^^^^^^^^^^^^^^^^^^^^^^
  File "/home/airflow/.local/lib/python3.12/site-packages/airflow/operators/bash.py", line 243, in execute
    raise AirflowException(
airflow.exceptions.AirflowException: Bash command failed. The command returned a non-zero exit code 1.
[2026-06-27T16:48:29.408+0000] {taskinstance.py:1206} INFO - Marking task as UP_FOR_RETRY. dag_id=course_data_pipeline, task_id=dbt_snapshot, run_id=manual__2026-06-27T16:42:08+00:00, execution_date=20260627T164208, start_date=20260627T164826, end_date=20260627T164829
[2026-06-27T16:48:29.413+0000] {standard_task_runner.py:110} ERROR - Failed to execute job 7 for task dbt_snapshot (Bash command failed. The command returned a non-zero exit code 1.; 470)
[2026-06-27T16:48:29.425+0000] {local_task_job_runner.py:243} INFO - Task exited with return code 1
[2026-06-27T16:48:29.435+0000] {taskinstance.py:3503} INFO - 0 downstream tasks scheduled from follow-on schedule check
[2026-06-27T16:48:29.436+0000] {local_task_job_runner.py:222} INFO - ::endgroup::
