[2026-06-27T16:50:25.499+0000] {local_task_job_runner.py:120} INFO - ::group::Pre task execution logs
[2026-06-27T16:50:25.510+0000] {taskinstance.py:2076} INFO - Dependencies all met for dep_context=non-requeueable deps ti=<TaskInstance: course_data_pipeline.dbt_deps manual__2026-06-27T16:45:54.019887+00:00 [queued]>
[2026-06-27T16:50:25.512+0000] {taskinstance.py:2076} INFO - Dependencies all met for dep_context=requeueable deps ti=<TaskInstance: course_data_pipeline.dbt_deps manual__2026-06-27T16:45:54.019887+00:00 [queued]>
[2026-06-27T16:50:25.512+0000] {taskinstance.py:2306} INFO - Starting attempt 3 of 3
[2026-06-27T16:50:25.516+0000] {taskinstance.py:2330} INFO - Executing <Task(BashOperator): dbt_deps> on 2026-06-27 16:45:54.019887+00:00
[2026-06-27T16:50:25.519+0000] {standard_task_runner.py:90} INFO - Running: ['***', 'tasks', 'run', 'course_data_pipeline', 'dbt_deps', 'manual__2026-06-27T16:45:54.019887+00:00', '--job-id', '9', '--raw', '--subdir', 'DAGS_FOLDER/course_data_pipeline.py', '--cfg-path', '/tmp/tmpfesmc1d_']
[2026-06-27T16:50:25.520+0000] {standard_task_runner.py:91} INFO - Job 9: Subtask dbt_deps
[2026-06-27T16:50:25.519+0000] {logging_mixin.py:188} WARNING - /home/***/.local/lib/python3.12/site-packages/***/task/task_runner/standard_task_runner.py:62 DeprecationWarning: This process (pid=657) is multi-threaded, use of fork() may lead to deadlocks in the child.
[2026-06-27T16:50:25.520+0000] {standard_task_runner.py:64} INFO - Started process 658 to run task
[2026-06-27T16:50:25.536+0000] {task_command.py:426} INFO - Running <TaskInstance: course_data_pipeline.dbt_deps manual__2026-06-27T16:45:54.019887+00:00 [running]> on host 9ada56374f3d
[2026-06-27T16:50:25.561+0000] {taskinstance.py:2648} INFO - Exporting env vars: AIRFLOW_CTX_DAG_OWNER='course_data_team' AIRFLOW_CTX_DAG_ID='course_data_pipeline' AIRFLOW_CTX_TASK_ID='dbt_deps' AIRFLOW_CTX_EXECUTION_DATE='2026-06-27T16:45:54.019887+00:00' AIRFLOW_CTX_TRY_NUMBER='3' AIRFLOW_CTX_DAG_RUN_ID='manual__2026-06-27T16:45:54.019887+00:00'
[2026-06-27T16:50:25.561+0000] {taskinstance.py:430} INFO - ::endgroup::
[2026-06-27T16:50:25.566+0000] {subprocess.py:63} INFO - Tmp dir root location: /tmp
[2026-06-27T16:50:25.567+0000] {subprocess.py:75} INFO - Running command: ['/usr/bin/bash', '-c', 'cd /opt/***/course-data-pipeline/dbt_project && dbt deps --project-dir /opt/***/course-data-pipeline/dbt_project --profiles-dir /opt/***/course-data-pipeline/dbt_project ']
[2026-06-27T16:50:25.569+0000] {subprocess.py:86} INFO - Output:
[2026-06-27T16:50:26.434+0000] {subprocess.py:93} INFO - [0m16:50:26  Running with dbt=1.11.11
[2026-06-27T16:50:26.879+0000] {subprocess.py:93} INFO - [0m16:50:26  Installing dbt-labs/dbt_utils
[2026-06-27T16:50:27.660+0000] {subprocess.py:93} INFO - [0m16:50:27  Installed from version 1.4.0
[2026-06-27T16:50:27.660+0000] {subprocess.py:93} INFO - [0m16:50:27  Up to date!
[2026-06-27T16:50:28.327+0000] {subprocess.py:97} INFO - Command exited with return code 0
[2026-06-27T16:50:28.327+0000] {taskinstance.py:441} INFO - ::group::Post task execution logs
[2026-06-27T16:50:28.336+0000] {taskinstance.py:1206} INFO - Marking task as SUCCESS. dag_id=course_data_pipeline, task_id=dbt_deps, run_id=manual__2026-06-27T16:45:54.019887+00:00, execution_date=20260627T164554, start_date=20260627T165025, end_date=20260627T165028
[2026-06-27T16:50:28.352+0000] {local_task_job_runner.py:243} INFO - Task exited with return code 0
[2026-06-27T16:50:28.360+0000] {taskinstance.py:3503} INFO - 1 downstream tasks scheduled from follow-on schedule check
[2026-06-27T16:50:28.360+0000] {local_task_job_runner.py:222} INFO - ::endgroup::
