[2026-06-27T16:48:23.139+0000] {local_task_job_runner.py:120} INFO - ::group::Pre task execution logs
[2026-06-27T16:48:23.163+0000] {taskinstance.py:2076} INFO - Dependencies all met for dep_context=non-requeueable deps ti=<TaskInstance: course_data_pipeline.dbt_deps manual__2026-06-27T16:45:54.019887+00:00 [queued]>
[2026-06-27T16:48:23.168+0000] {taskinstance.py:2076} INFO - Dependencies all met for dep_context=requeueable deps ti=<TaskInstance: course_data_pipeline.dbt_deps manual__2026-06-27T16:45:54.019887+00:00 [queued]>
[2026-06-27T16:48:23.168+0000] {taskinstance.py:2306} INFO - Starting attempt 2 of 3
[2026-06-27T16:48:23.176+0000] {taskinstance.py:2330} INFO - Executing <Task(BashOperator): dbt_deps> on 2026-06-27 16:45:54.019887+00:00
[2026-06-27T16:48:23.179+0000] {standard_task_runner.py:90} INFO - Running: ['***', 'tasks', 'run', 'course_data_pipeline', 'dbt_deps', 'manual__2026-06-27T16:45:54.019887+00:00', '--job-id', '6', '--raw', '--subdir', 'DAGS_FOLDER/course_data_pipeline.py', '--cfg-path', '/tmp/tmpcy935gvu']
[2026-06-27T16:48:23.180+0000] {logging_mixin.py:188} WARNING - /home/***/.local/lib/python3.12/site-packages/***/task/task_runner/standard_task_runner.py:62 DeprecationWarning: This process (pid=457) is multi-threaded, use of fork() may lead to deadlocks in the child.
[2026-06-27T16:48:23.181+0000] {standard_task_runner.py:91} INFO - Job 6: Subtask dbt_deps
[2026-06-27T16:48:23.181+0000] {standard_task_runner.py:64} INFO - Started process 459 to run task
[2026-06-27T16:48:23.198+0000] {task_command.py:426} INFO - Running <TaskInstance: course_data_pipeline.dbt_deps manual__2026-06-27T16:45:54.019887+00:00 [running]> on host 9ada56374f3d
[2026-06-27T16:48:23.228+0000] {taskinstance.py:2648} INFO - Exporting env vars: AIRFLOW_CTX_DAG_OWNER='course_data_team' AIRFLOW_CTX_DAG_ID='course_data_pipeline' AIRFLOW_CTX_TASK_ID='dbt_deps' AIRFLOW_CTX_EXECUTION_DATE='2026-06-27T16:45:54.019887+00:00' AIRFLOW_CTX_TRY_NUMBER='2' AIRFLOW_CTX_DAG_RUN_ID='manual__2026-06-27T16:45:54.019887+00:00'
[2026-06-27T16:48:23.228+0000] {taskinstance.py:430} INFO - ::endgroup::
[2026-06-27T16:48:23.233+0000] {subprocess.py:63} INFO - Tmp dir root location: /tmp
[2026-06-27T16:48:23.234+0000] {subprocess.py:75} INFO - Running command: ['/usr/bin/bash', '-c', 'cd /opt/***/course-data-pipeline/dbt_project && dbt deps --project-dir /opt/***/course-data-pipeline/dbt_project --profiles-dir /opt/***/course-data-pipeline/dbt_project ']
[2026-06-27T16:48:23.236+0000] {subprocess.py:86} INFO - Output:
[2026-06-27T16:48:24.187+0000] {subprocess.py:93} INFO - [0m16:48:24  Running with dbt=1.11.11
[2026-06-27T16:48:24.248+0000] {subprocess.py:93} INFO - [0m16:48:24  Encountered an error:
[2026-06-27T16:48:24.248+0000] {subprocess.py:93} INFO - [Errno 2] No such file or directory: 'dbt_packages'
[2026-06-27T16:48:24.249+0000] {subprocess.py:93} INFO - [0m16:48:24  Traceback (most recent call last):
[2026-06-27T16:48:24.249+0000] {subprocess.py:93} INFO -   File "/home/***/.local/lib/python3.12/site-packages/dbt/cli/requires.py", line 182, in wrapper
[2026-06-27T16:48:24.250+0000] {subprocess.py:93} INFO -     result, success = func(*args, **kwargs)
[2026-06-27T16:48:24.250+0000] {subprocess.py:93} INFO -                       ^^^^^^^^^^^^^^^^^^^^^
[2026-06-27T16:48:24.250+0000] {subprocess.py:93} INFO -   File "/home/***/.local/lib/python3.12/site-packages/dbt/cli/requires.py", line 128, in wrapper
[2026-06-27T16:48:24.250+0000] {subprocess.py:93} INFO -     return func(*args, **kwargs)
[2026-06-27T16:48:24.250+0000] {subprocess.py:93} INFO -            ^^^^^^^^^^^^^^^^^^^^^
[2026-06-27T16:48:24.250+0000] {subprocess.py:93} INFO -   File "/home/***/.local/lib/python3.12/site-packages/dbt/cli/requires.py", line 258, in wrapper
[2026-06-27T16:48:24.250+0000] {subprocess.py:93} INFO -     return func(*args, **kwargs)
[2026-06-27T16:48:24.250+0000] {subprocess.py:93} INFO -            ^^^^^^^^^^^^^^^^^^^^^
[2026-06-27T16:48:24.251+0000] {subprocess.py:93} INFO -   File "/home/***/.local/lib/python3.12/site-packages/dbt/cli/requires.py", line 321, in wrapper
[2026-06-27T16:48:24.251+0000] {subprocess.py:93} INFO -     return func(*args, **kwargs)
[2026-06-27T16:48:24.251+0000] {subprocess.py:93} INFO -            ^^^^^^^^^^^^^^^^^^^^^
[2026-06-27T16:48:24.251+0000] {subprocess.py:93} INFO -   File "/home/***/.local/lib/python3.12/site-packages/dbt/cli/main.py", line 466, in deps
[2026-06-27T16:48:24.251+0000] {subprocess.py:93} INFO -     results = task.run()
[2026-06-27T16:48:24.251+0000] {subprocess.py:93} INFO -               ^^^^^^^^^^
[2026-06-27T16:48:24.251+0000] {subprocess.py:93} INFO -   File "/home/***/.local/lib/python3.12/site-packages/dbt/task/deps.py", line 305, in run
[2026-06-27T16:48:24.251+0000] {subprocess.py:93} INFO -     system.rmtree(self.project.packages_install_path)
[2026-06-27T16:48:24.252+0000] {subprocess.py:93} INFO -   File "/home/***/.local/lib/python3.12/site-packages/dbt_common/clients/system.py", line 729, in rmtree
[2026-06-27T16:48:24.252+0000] {subprocess.py:93} INFO -     return shutil.rmtree(path, onerror=chmod_and_retry)
[2026-06-27T16:48:24.252+0000] {subprocess.py:93} INFO -            ^^^^^^^^^^^^^^^^^^^^^^^^^^^^^^^^^^^^^^^^^^^^
[2026-06-27T16:48:24.252+0000] {subprocess.py:93} INFO -   File "/usr/local/lib/python3.12/shutil.py", line 759, in rmtree
[2026-06-27T16:48:24.252+0000] {subprocess.py:93} INFO -     _rmtree_safe_fd(stack, onexc)
[2026-06-27T16:48:24.252+0000] {subprocess.py:93} INFO -   File "/usr/local/lib/python3.12/shutil.py", line 703, in _rmtree_safe_fd
[2026-06-27T16:48:24.253+0000] {subprocess.py:93} INFO -     onexc(func, path, err)
[2026-06-27T16:48:24.253+0000] {subprocess.py:93} INFO -   File "/usr/local/lib/python3.12/shutil.py", line 750, in onexc
[2026-06-27T16:48:24.253+0000] {subprocess.py:93} INFO -     return onerror(func, path, exc_info)
[2026-06-27T16:48:24.253+0000] {subprocess.py:93} INFO -            ^^^^^^^^^^^^^^^^^^^^^^^^^^^^^
[2026-06-27T16:48:24.253+0000] {subprocess.py:93} INFO -   File "/usr/local/lib/python3.12/shutil.py", line 662, in _rmtree_safe_fd
[2026-06-27T16:48:24.253+0000] {subprocess.py:93} INFO -     os.rmdir(name, dir_fd=dirfd)
[2026-06-27T16:48:24.253+0000] {subprocess.py:93} INFO - FileNotFoundError: [Errno 2] No such file or directory: 'dbt_packages'
[2026-06-27T16:48:24.253+0000] {subprocess.py:93} INFO - 
[2026-06-27T16:48:25.027+0000] {subprocess.py:97} INFO - Command exited with return code 2
[2026-06-27T16:48:25.028+0000] {taskinstance.py:441} INFO - ::group::Post task execution logs
[2026-06-27T16:48:25.034+0000] {taskinstance.py:2905} ERROR - Task failed with exception
Traceback (most recent call last):
  File "/home/airflow/.local/lib/python3.12/site-packages/airflow/models/taskinstance.py", line 465, in _execute_task
    result = _execute_callable(context=context, **execute_callable_kwargs)
             ^^^^^^^^^^^^^^^^^^^^^^^^^^^^^^^^^^^^^^^^^^^^^^^^^^^^^^^^^^^^^
  File "/home/airflow/.local/lib/python3.12/site-packages/airflow/models/taskinstance.py", line 432, in _execute_callable
    return execute_callable(context=context, **execute_callable_kwargs)
           ^^^^^^^^^^^^^^^^^^^^^^^^^^^^^^^^^^^^^^^^^^^^^^^^^^^^^^^^^^^^
  File "/home/airflow/.local/lib/python3.12/site-packages/airflow/models/baseoperator.py", line 401, in wrapper
    return func(self, *args, **kwargs)
           ^^^^^^^^^^^^^^^^^^^^^^^^^^^
  File "/home/airflow/.local/lib/python3.12/site-packages/airflow/operators/bash.py", line 243, in execute
    raise AirflowException(
airflow.exceptions.AirflowException: Bash command failed. The command returned a non-zero exit code 2.
[2026-06-27T16:48:25.035+0000] {taskinstance.py:1206} INFO - Marking task as UP_FOR_RETRY. dag_id=course_data_pipeline, task_id=dbt_deps, run_id=manual__2026-06-27T16:45:54.019887+00:00, execution_date=20260627T164554, start_date=20260627T164823, end_date=20260627T164825
[2026-06-27T16:48:25.040+0000] {standard_task_runner.py:110} ERROR - Failed to execute job 6 for task dbt_deps (Bash command failed. The command returned a non-zero exit code 2.; 459)
[2026-06-27T16:48:25.056+0000] {local_task_job_runner.py:243} INFO - Task exited with return code 1
[2026-06-27T16:48:25.064+0000] {taskinstance.py:3503} INFO - 0 downstream tasks scheduled from follow-on schedule check
[2026-06-27T16:48:25.065+0000] {local_task_job_runner.py:222} INFO - ::endgroup::
