[2026-06-27T16:46:22.586+0000] {local_task_job_runner.py:120} INFO - ::group::Pre task execution logs
[2026-06-27T16:46:22.602+0000] {taskinstance.py:2076} INFO - Dependencies all met for dep_context=non-requeueable deps ti=<TaskInstance: course_data_pipeline.dbt_deps manual__2026-06-27T16:45:54.019887+00:00 [queued]>
[2026-06-27T16:46:22.607+0000] {taskinstance.py:2076} INFO - Dependencies all met for dep_context=requeueable deps ti=<TaskInstance: course_data_pipeline.dbt_deps manual__2026-06-27T16:45:54.019887+00:00 [queued]>
[2026-06-27T16:46:22.607+0000] {taskinstance.py:2306} INFO - Starting attempt 1 of 2
[2026-06-27T16:46:22.614+0000] {taskinstance.py:2330} INFO - Executing <Task(BashOperator): dbt_deps> on 2026-06-27 16:45:54.019887+00:00
[2026-06-27T16:46:22.618+0000] {standard_task_runner.py:90} INFO - Running: ['***', 'tasks', 'run', 'course_data_pipeline', 'dbt_deps', 'manual__2026-06-27T16:45:54.019887+00:00', '--job-id', '3', '--raw', '--subdir', 'DAGS_FOLDER/course_data_pipeline.py', '--cfg-path', '/tmp/tmp1azlnx_t']
[2026-06-27T16:46:22.619+0000] {logging_mixin.py:188} WARNING - /home/***/.local/lib/python3.12/site-packages/***/task/task_runner/standard_task_runner.py:62 DeprecationWarning: This process (pid=378) is multi-threaded, use of fork() may lead to deadlocks in the child.
[2026-06-27T16:46:22.620+0000] {standard_task_runner.py:91} INFO - Job 3: Subtask dbt_deps
[2026-06-27T16:46:22.620+0000] {standard_task_runner.py:64} INFO - Started process 380 to run task
[2026-06-27T16:46:22.635+0000] {task_command.py:426} INFO - Running <TaskInstance: course_data_pipeline.dbt_deps manual__2026-06-27T16:45:54.019887+00:00 [running]> on host 9ada56374f3d
[2026-06-27T16:46:22.663+0000] {taskinstance.py:2648} INFO - Exporting env vars: AIRFLOW_CTX_DAG_OWNER='course_data_team' AIRFLOW_CTX_DAG_ID='course_data_pipeline' AIRFLOW_CTX_TASK_ID='dbt_deps' AIRFLOW_CTX_EXECUTION_DATE='2026-06-27T16:45:54.019887+00:00' AIRFLOW_CTX_TRY_NUMBER='1' AIRFLOW_CTX_DAG_RUN_ID='manual__2026-06-27T16:45:54.019887+00:00'
[2026-06-27T16:46:22.663+0000] {taskinstance.py:430} INFO - ::endgroup::
[2026-06-27T16:46:22.679+0000] {subprocess.py:63} INFO - Tmp dir root location: /tmp
[2026-06-27T16:46:22.680+0000] {subprocess.py:75} INFO - Running command: ['/usr/bin/bash', '-c', 'dbt deps --project-dir /opt/***/course-data-pipeline/dbt_project --profiles-dir /opt/***/course-data-pipeline/dbt_project ']
[2026-06-27T16:46:22.683+0000] {subprocess.py:86} INFO - Output:
[2026-06-27T16:46:23.692+0000] {subprocess.py:93} INFO - [0m16:46:23  Running with dbt=1.11.11
[2026-06-27T16:46:24.291+0000] {subprocess.py:93} INFO - [0m16:46:24  Installing dbt-labs/dbt_utils
[2026-06-27T16:46:25.184+0000] {subprocess.py:93} INFO - [0m16:46:25  Installed from version 1.4.0
[2026-06-27T16:46:25.185+0000] {subprocess.py:93} INFO - [0m16:46:25  Up to date!
[2026-06-27T16:46:26.091+0000] {subprocess.py:97} INFO - Command exited with return code 0
[2026-06-27T16:46:26.091+0000] {taskinstance.py:441} INFO - ::group::Post task execution logs
[2026-06-27T16:46:26.100+0000] {taskinstance.py:1206} INFO - Marking task as SUCCESS. dag_id=course_data_pipeline, task_id=dbt_deps, run_id=manual__2026-06-27T16:45:54.019887+00:00, execution_date=20260627T164554, start_date=20260627T164622, end_date=20260627T164626
[2026-06-27T16:46:26.143+0000] {local_task_job_runner.py:243} INFO - Task exited with return code 0
[2026-06-27T16:46:26.154+0000] {taskinstance.py:3503} INFO - 1 downstream tasks scheduled from follow-on schedule check
[2026-06-27T16:46:26.155+0000] {local_task_job_runner.py:222} INFO - ::endgroup::
