[2026-06-27T16:46:22.585+0000] {local_task_job_runner.py:120} INFO - ::group::Pre task execution logs
[2026-06-27T16:46:22.601+0000] {taskinstance.py:2076} INFO - Dependencies all met for dep_context=non-requeueable deps ti=<TaskInstance: course_data_pipeline.dbt_deps manual__2026-06-27T16:42:08+00:00 [queued]>
[2026-06-27T16:46:22.605+0000] {taskinstance.py:2076} INFO - Dependencies all met for dep_context=requeueable deps ti=<TaskInstance: course_data_pipeline.dbt_deps manual__2026-06-27T16:42:08+00:00 [queued]>
[2026-06-27T16:46:22.605+0000] {taskinstance.py:2306} INFO - Starting attempt 1 of 2
[2026-06-27T16:46:22.612+0000] {taskinstance.py:2330} INFO - Executing <Task(BashOperator): dbt_deps> on 2026-06-27 16:42:08+00:00
[2026-06-27T16:46:22.615+0000] {standard_task_runner.py:90} INFO - Running: ['***', 'tasks', 'run', 'course_data_pipeline', 'dbt_deps', 'manual__2026-06-27T16:42:08+00:00', '--job-id', '2', '--raw', '--subdir', 'DAGS_FOLDER/course_data_pipeline.py', '--cfg-path', '/tmp/tmpsjtymdno']
[2026-06-27T16:46:22.616+0000] {standard_task_runner.py:91} INFO - Job 2: Subtask dbt_deps
[2026-06-27T16:46:22.617+0000] {logging_mixin.py:188} WARNING - /home/***/.local/lib/python3.12/site-packages/***/task/task_runner/standard_task_runner.py:62 DeprecationWarning: This process (pid=377) is multi-threaded, use of fork() may lead to deadlocks in the child.
[2026-06-27T16:46:22.617+0000] {standard_task_runner.py:64} INFO - Started process 379 to run task
[2026-06-27T16:46:22.633+0000] {task_command.py:426} INFO - Running <TaskInstance: course_data_pipeline.dbt_deps manual__2026-06-27T16:42:08+00:00 [running]> on host 9ada56374f3d
[2026-06-27T16:46:22.663+0000] {taskinstance.py:2648} INFO - Exporting env vars: AIRFLOW_CTX_DAG_OWNER='course_data_team' AIRFLOW_CTX_DAG_ID='course_data_pipeline' AIRFLOW_CTX_TASK_ID='dbt_deps' AIRFLOW_CTX_EXECUTION_DATE='2026-06-27T16:42:08+00:00' AIRFLOW_CTX_TRY_NUMBER='1' AIRFLOW_CTX_DAG_RUN_ID='manual__2026-06-27T16:42:08+00:00'
[2026-06-27T16:46:22.663+0000] {taskinstance.py:430} INFO - ::endgroup::
[2026-06-27T16:46:22.679+0000] {subprocess.py:63} INFO - Tmp dir root location: /tmp
[2026-06-27T16:46:22.680+0000] {subprocess.py:75} INFO - Running command: ['/usr/bin/bash', '-c', 'dbt deps --project-dir /opt/***/course-data-pipeline/dbt_project --profiles-dir /opt/***/course-data-pipeline/dbt_project ']
[2026-06-27T16:46:22.682+0000] {subprocess.py:86} INFO - Output:
[2026-06-27T16:46:23.692+0000] {subprocess.py:93} INFO - [0m16:46:23  Running with dbt=1.11.11
[2026-06-27T16:46:24.290+0000] {subprocess.py:93} INFO - [0m16:46:24  Installing dbt-labs/dbt_utils
[2026-06-27T16:46:25.215+0000] {subprocess.py:93} INFO - [0m16:46:25  Encountered an error:
[2026-06-27T16:46:25.215+0000] {subprocess.py:93} INFO - [Errno 2] No such file or directory: 'dbt_packages/dbt-utils-1.4.0'
[2026-06-27T16:46:25.216+0000] {subprocess.py:93} INFO - [0m16:46:25  Traceback (most recent call last):
[2026-06-27T16:46:25.216+0000] {subprocess.py:93} INFO -   File "/usr/local/lib/python3.12/shutil.py", line 847, in move
[2026-06-27T16:46:25.216+0000] {subprocess.py:93} INFO -     os.rename(src, real_dst)
[2026-06-27T16:46:25.216+0000] {subprocess.py:93} INFO - FileNotFoundError: [Errno 2] No such file or directory: 'dbt_packages/dbt-utils-1.4.0' -> 'dbt_packages/dbt_utils'
[2026-06-27T16:46:25.216+0000] {subprocess.py:93} INFO - 
[2026-06-27T16:46:25.217+0000] {subprocess.py:93} INFO - During handling of the above exception, another exception occurred:
[2026-06-27T16:46:25.217+0000] {subprocess.py:93} INFO - 
[2026-06-27T16:46:25.217+0000] {subprocess.py:93} INFO - Traceback (most recent call last):
[2026-06-27T16:46:25.217+0000] {subprocess.py:93} INFO -   File "/home/***/.local/lib/python3.12/site-packages/dbt/cli/requires.py", line 182, in wrapper
[2026-06-27T16:46:25.217+0000] {subprocess.py:93} INFO -     result, success = func(*args, **kwargs)
[2026-06-27T16:46:25.217+0000] {subprocess.py:93} INFO -                       ^^^^^^^^^^^^^^^^^^^^^
[2026-06-27T16:46:25.217+0000] {subprocess.py:93} INFO -   File "/home/***/.local/lib/python3.12/site-packages/dbt/cli/requires.py", line 128, in wrapper
[2026-06-27T16:46:25.217+0000] {subprocess.py:93} INFO -     return func(*args, **kwargs)
[2026-06-27T16:46:25.217+0000] {subprocess.py:93} INFO -            ^^^^^^^^^^^^^^^^^^^^^
[2026-06-27T16:46:25.218+0000] {subprocess.py:93} INFO -   File "/home/***/.local/lib/python3.12/site-packages/dbt/cli/requires.py", line 258, in wrapper
[2026-06-27T16:46:25.218+0000] {subprocess.py:93} INFO -     return func(*args, **kwargs)
[2026-06-27T16:46:25.218+0000] {subprocess.py:93} INFO -            ^^^^^^^^^^^^^^^^^^^^^
[2026-06-27T16:46:25.218+0000] {subprocess.py:93} INFO -   File "/home/***/.local/lib/python3.12/site-packages/dbt/cli/requires.py", line 321, in wrapper
[2026-06-27T16:46:25.218+0000] {subprocess.py:93} INFO -     return func(*args, **kwargs)
[2026-06-27T16:46:25.218+0000] {subprocess.py:93} INFO -            ^^^^^^^^^^^^^^^^^^^^^
[2026-06-27T16:46:25.218+0000] {subprocess.py:93} INFO -   File "/home/***/.local/lib/python3.12/site-packages/dbt/cli/main.py", line 466, in deps
[2026-06-27T16:46:25.218+0000] {subprocess.py:93} INFO -     results = task.run()
[2026-06-27T16:46:25.218+0000] {subprocess.py:93} INFO -               ^^^^^^^^^^
[2026-06-27T16:46:25.219+0000] {subprocess.py:93} INFO -   File "/home/***/.local/lib/python3.12/site-packages/dbt/task/deps.py", line 332, in run
[2026-06-27T16:46:25.219+0000] {subprocess.py:93} INFO -     package.install(self.project, renderer)
[2026-06-27T16:46:25.219+0000] {subprocess.py:93} INFO -   File "/home/***/.local/lib/python3.12/site-packages/dbt/deps/registry.py", line 63, in install
[2026-06-27T16:46:25.219+0000] {subprocess.py:93} INFO -     self._install(project, renderer)
[2026-06-27T16:46:25.219+0000] {subprocess.py:93} INFO -   File "/home/***/.local/lib/python3.12/site-packages/dbt/deps/base.py", line 121, in _install
[2026-06-27T16:46:25.219+0000] {subprocess.py:93} INFO -     connection_exception_retry(download_untar_fn, 5)
[2026-06-27T16:46:25.219+0000] {subprocess.py:93} INFO -   File "/home/***/.local/lib/python3.12/site-packages/dbt_common/utils/connection.py", line 22, in connection_exception_retry
[2026-06-27T16:46:25.219+0000] {subprocess.py:93} INFO -     return fn()
[2026-06-27T16:46:25.219+0000] {subprocess.py:93} INFO -            ^^^^
[2026-06-27T16:46:25.219+0000] {subprocess.py:93} INFO -   File "/home/***/.local/lib/python3.12/site-packages/dbt/deps/base.py", line 133, in download_and_untar
[2026-06-27T16:46:25.219+0000] {subprocess.py:93} INFO -     system.untar_package(tar_path, deps_path, package_name)
[2026-06-27T16:46:25.219+0000] {subprocess.py:93} INFO -   File "/home/***/.local/lib/python3.12/site-packages/dbt_common/clients/system.py", line 660, in untar_package
[2026-06-27T16:46:25.220+0000] {subprocess.py:93} INFO -     dbt_common.clients.system.rename(downloaded_path, desired_path, force=True)
[2026-06-27T16:46:25.220+0000] {subprocess.py:93} INFO -   File "/home/***/.local/lib/python3.12/site-packages/dbt_common/clients/system.py", line 617, in rename
[2026-06-27T16:46:25.220+0000] {subprocess.py:93} INFO -     shutil.move(from_path, to_path)
[2026-06-27T16:46:25.220+0000] {subprocess.py:93} INFO -   File "/usr/local/lib/python3.12/shutil.py", line 867, in move
[2026-06-27T16:46:25.220+0000] {subprocess.py:93} INFO -     copy_function(src, real_dst)
[2026-06-27T16:46:25.220+0000] {subprocess.py:93} INFO -   File "/usr/local/lib/python3.12/shutil.py", line 475, in copy2
[2026-06-27T16:46:25.220+0000] {subprocess.py:93} INFO -     copyfile(src, dst, follow_symlinks=follow_symlinks)
[2026-06-27T16:46:25.220+0000] {subprocess.py:93} INFO -   File "/usr/local/lib/python3.12/shutil.py", line 260, in copyfile
[2026-06-27T16:46:25.220+0000] {subprocess.py:93} INFO -     with open(src, 'rb') as fsrc:
[2026-06-27T16:46:25.220+0000] {subprocess.py:93} INFO -          ^^^^^^^^^^^^^^^
[2026-06-27T16:46:25.220+0000] {subprocess.py:93} INFO - FileNotFoundError: [Errno 2] No such file or directory: 'dbt_packages/dbt-utils-1.4.0'
[2026-06-27T16:46:25.220+0000] {subprocess.py:93} INFO - 
[2026-06-27T16:46:26.091+0000] {subprocess.py:97} INFO - Command exited with return code 2
[2026-06-27T16:46:26.091+0000] {taskinstance.py:441} INFO - ::group::Post task execution logs
[2026-06-27T16:46:26.095+0000] {taskinstance.py:2905} ERROR - Task failed with exception
Traceback (most recent call last):
  File "/home/airflow/.local/lib/python3.12/site-packages/airflow/models/taskinstance.py", line 465, in _execute_task
    result = _execute_callable(context=context, **execute_callable_kwargs)
             ^^^^^^^^^^^^^^^^^^^^^^^^^^^^^^^^^^^^^^^^^^^^^^^^^^^^^^^^^^^^^
  File "/home/airflow/.local/lib/python3.12/site-packages/airflow/models/taskinstance.py", line 432, in _execute_callable
    return execute_callable(context=context, **execute_callable_kwargs)
           ^^^^^^^^^^^^^^^^^^^^^^^^^^^^^^^^^^^^^^^^^^^^^^^^^^^^^^^^^^^^
  File "/home/airflow/.local/lib/python3.12/site-packages/airflow/models/baseoperator.py", line 401, in wrapper
    return func(self, *args, **kwargs)
           ^^^^^^^^^^^^^^^^^^^^^^^^^^^
  File "/home/airflow/.local/lib/python3.12/site-packages/airflow/operators/bash.py", line 243, in execute
    raise AirflowException(
airflow.exceptions.AirflowException: Bash command failed. The command returned a non-zero exit code 2.
[2026-06-27T16:46:26.097+0000] {taskinstance.py:1206} INFO - Marking task as UP_FOR_RETRY. dag_id=course_data_pipeline, task_id=dbt_deps, run_id=manual__2026-06-27T16:42:08+00:00, execution_date=20260627T164208, start_date=20260627T164622, end_date=20260627T164626
[2026-06-27T16:46:26.101+0000] {standard_task_runner.py:110} ERROR - Failed to execute job 2 for task dbt_deps (Bash command failed. The command returned a non-zero exit code 2.; 379)
[2026-06-27T16:46:26.143+0000] {local_task_job_runner.py:243} INFO - Task exited with return code 1
[2026-06-27T16:46:26.155+0000] {taskinstance.py:3503} INFO - 0 downstream tasks scheduled from follow-on schedule check
[2026-06-27T16:46:26.156+0000] {local_task_job_runner.py:222} INFO - ::endgroup::
