[2026-06-27T16:48:23.132+0000] {local_task_job_runner.py:120} INFO - ::group::Pre task execution logs
[2026-06-27T16:48:23.158+0000] {taskinstance.py:2076} INFO - Dependencies all met for dep_context=non-requeueable deps ti=<TaskInstance: course_data_pipeline.dbt_deps manual__2026-06-27T16:42:08+00:00 [queued]>
[2026-06-27T16:48:23.161+0000] {taskinstance.py:2076} INFO - Dependencies all met for dep_context=requeueable deps ti=<TaskInstance: course_data_pipeline.dbt_deps manual__2026-06-27T16:42:08+00:00 [queued]>
[2026-06-27T16:48:23.162+0000] {taskinstance.py:2306} INFO - Starting attempt 2 of 3
[2026-06-27T16:48:23.167+0000] {taskinstance.py:2330} INFO - Executing <Task(BashOperator): dbt_deps> on 2026-06-27 16:42:08+00:00
[2026-06-27T16:48:23.170+0000] {standard_task_runner.py:90} INFO - Running: ['***', 'tasks', 'run', 'course_data_pipeline', 'dbt_deps', 'manual__2026-06-27T16:42:08+00:00', '--job-id', '5', '--raw', '--subdir', 'DAGS_FOLDER/course_data_pipeline.py', '--cfg-path', '/tmp/tmpi5nl6ysi']
[2026-06-27T16:48:23.172+0000] {standard_task_runner.py:91} INFO - Job 5: Subtask dbt_deps
[2026-06-27T16:48:23.171+0000] {logging_mixin.py:188} WARNING - /home/***/.local/lib/python3.12/site-packages/***/task/task_runner/standard_task_runner.py:62 DeprecationWarning: This process (pid=456) is multi-threaded, use of fork() may lead to deadlocks in the child.
[2026-06-27T16:48:23.174+0000] {standard_task_runner.py:64} INFO - Started process 458 to run task
[2026-06-27T16:48:23.190+0000] {task_command.py:426} INFO - Running <TaskInstance: course_data_pipeline.dbt_deps manual__2026-06-27T16:42:08+00:00 [running]> on host 9ada56374f3d
[2026-06-27T16:48:23.218+0000] {taskinstance.py:2648} INFO - Exporting env vars: AIRFLOW_CTX_DAG_OWNER='course_data_team' AIRFLOW_CTX_DAG_ID='course_data_pipeline' AIRFLOW_CTX_TASK_ID='dbt_deps' AIRFLOW_CTX_EXECUTION_DATE='2026-06-27T16:42:08+00:00' AIRFLOW_CTX_TRY_NUMBER='2' AIRFLOW_CTX_DAG_RUN_ID='manual__2026-06-27T16:42:08+00:00'
[2026-06-27T16:48:23.219+0000] {taskinstance.py:430} INFO - ::endgroup::
[2026-06-27T16:48:23.225+0000] {subprocess.py:63} INFO - Tmp dir root location: /tmp
[2026-06-27T16:48:23.225+0000] {subprocess.py:75} INFO - Running command: ['/usr/bin/bash', '-c', 'cd /opt/***/course-data-pipeline/dbt_project && dbt deps --project-dir /opt/***/course-data-pipeline/dbt_project --profiles-dir /opt/***/course-data-pipeline/dbt_project ']
[2026-06-27T16:48:23.229+0000] {subprocess.py:86} INFO - Output:
[2026-06-27T16:48:24.187+0000] {subprocess.py:93} INFO - [0m16:48:24  Running with dbt=1.11.11
[2026-06-27T16:48:24.588+0000] {subprocess.py:93} INFO - [0m16:48:24  Installing dbt-labs/dbt_utils
[2026-06-27T16:48:25.454+0000] {subprocess.py:93} INFO - [0m16:48:25  Installed from version 1.4.0
[2026-06-27T16:48:25.454+0000] {subprocess.py:93} INFO - [0m16:48:25  Up to date!
[2026-06-27T16:48:26.121+0000] {subprocess.py:97} INFO - Command exited with return code 0
[2026-06-27T16:48:26.122+0000] {taskinstance.py:441} INFO - ::group::Post task execution logs
[2026-06-27T16:48:26.131+0000] {taskinstance.py:1206} INFO - Marking task as SUCCESS. dag_id=course_data_pipeline, task_id=dbt_deps, run_id=manual__2026-06-27T16:42:08+00:00, execution_date=20260627T164208, start_date=20260627T164823, end_date=20260627T164826
[2026-06-27T16:48:26.138+0000] {local_task_job_runner.py:243} INFO - Task exited with return code 0
[2026-06-27T16:48:26.147+0000] {taskinstance.py:3503} INFO - 1 downstream tasks scheduled from follow-on schedule check
[2026-06-27T16:48:26.148+0000] {local_task_job_runner.py:222} INFO - ::endgroup::
