[2026-06-27T16:50:28.630+0000] {local_task_job_runner.py:120} INFO - ::group::Pre task execution logs
[2026-06-27T16:50:28.643+0000] {taskinstance.py:2076} INFO - Dependencies all met for dep_context=non-requeueable deps ti=<TaskInstance: course_data_pipeline.dbt_build manual__2026-06-27T16:45:54.019887+00:00 [queued]>
[2026-06-27T16:50:28.645+0000] {taskinstance.py:2076} INFO - Dependencies all met for dep_context=requeueable deps ti=<TaskInstance: course_data_pipeline.dbt_build manual__2026-06-27T16:45:54.019887+00:00 [queued]>
[2026-06-27T16:50:28.645+0000] {taskinstance.py:2306} INFO - Starting attempt 1 of 2
[2026-06-27T16:50:28.649+0000] {taskinstance.py:2330} INFO - Executing <Task(BashOperator): dbt_build> on 2026-06-27 16:45:54.019887+00:00
[2026-06-27T16:50:28.655+0000] {logging_mixin.py:188} WARNING - /home/***/.local/lib/python3.12/site-packages/***/task/task_runner/standard_task_runner.py:62 DeprecationWarning: This process (pid=666) is multi-threaded, use of fork() may lead to deadlocks in the child.
[2026-06-27T16:50:28.654+0000] {standard_task_runner.py:90} INFO - Running: ['***', 'tasks', 'run', 'course_data_pipeline', 'dbt_build', 'manual__2026-06-27T16:45:54.019887+00:00', '--job-id', '10', '--raw', '--subdir', 'DAGS_FOLDER/course_data_pipeline.py', '--cfg-path', '/tmp/tmp6v7hi3jm']
[2026-06-27T16:50:28.655+0000] {standard_task_runner.py:91} INFO - Job 10: Subtask dbt_build
[2026-06-27T16:50:28.656+0000] {standard_task_runner.py:64} INFO - Started process 667 to run task
[2026-06-27T16:50:28.669+0000] {task_command.py:426} INFO - Running <TaskInstance: course_data_pipeline.dbt_build manual__2026-06-27T16:45:54.019887+00:00 [running]> on host 9ada56374f3d
[2026-06-27T16:50:28.692+0000] {taskinstance.py:2648} INFO - Exporting env vars: AIRFLOW_CTX_DAG_OWNER='course_data_team' AIRFLOW_CTX_DAG_ID='course_data_pipeline' AIRFLOW_CTX_TASK_ID='dbt_build' AIRFLOW_CTX_EXECUTION_DATE='2026-06-27T16:45:54.019887+00:00' AIRFLOW_CTX_TRY_NUMBER='1' AIRFLOW_CTX_DAG_RUN_ID='manual__2026-06-27T16:45:54.019887+00:00'
[2026-06-27T16:50:28.693+0000] {taskinstance.py:430} INFO - ::endgroup::
[2026-06-27T16:50:28.698+0000] {subprocess.py:63} INFO - Tmp dir root location: /tmp
[2026-06-27T16:50:28.698+0000] {subprocess.py:75} INFO - Running command: ['/usr/bin/bash', '-c', 'cd /opt/***/course-data-pipeline/dbt_project && dbt build --project-dir /opt/***/course-data-pipeline/dbt_project --profiles-dir /opt/***/course-data-pipeline/dbt_project ']
[2026-06-27T16:50:28.701+0000] {subprocess.py:86} INFO - Output:
[2026-06-27T16:50:29.601+0000] {subprocess.py:93} INFO - [0m16:50:29  Running with dbt=1.11.11
[2026-06-27T16:50:29.745+0000] {subprocess.py:93} INFO - [0m16:50:29  Registered adapter: duckdb=1.10.1
[2026-06-27T16:50:29.968+0000] {subprocess.py:93} INFO - [0m16:50:29  Found 14 models, 1 snapshot, 1 analysis, 73 data tests, 3 sources, 603 macros
[2026-06-27T16:50:29.972+0000] {subprocess.py:93} INFO - [0m16:50:29
[2026-06-27T16:50:29.972+0000] {subprocess.py:93} INFO - [0m16:50:29  Concurrency: 1 threads (target='dev')
[2026-06-27T16:50:29.972+0000] {subprocess.py:93} INFO - [0m16:50:29
[2026-06-27T16:50:30.069+0000] {subprocess.py:93} INFO - [0m16:50:30  1 of 88 START sql view model main.stg_coursera ................................. [RUN]
[2026-06-27T16:50:30.094+0000] {subprocess.py:93} INFO - [0m16:50:30  1 of 88 ERROR creating sql view model main.stg_coursera ........................ [[31mERROR[0m in 0.02s]
[2026-06-27T16:50:30.095+0000] {subprocess.py:93} INFO - [0m16:50:30  2 of 88 START sql view model main.stg_udacity .................................. [RUN]
[2026-06-27T16:50:30.104+0000] {subprocess.py:93} INFO - [0m16:50:30  2 of 88 ERROR creating sql view model main.stg_udacity ......................... [[31mERROR[0m in 0.01s]
[2026-06-27T16:50:30.105+0000] {subprocess.py:93} INFO - [0m16:50:30  3 of 88 START sql view model main.stg_udemy .................................... [RUN]
[2026-06-27T16:50:30.115+0000] {subprocess.py:93} INFO - [0m16:50:30  3 of 88 ERROR creating sql view model main.stg_udemy ........................... [[31mERROR[0m in 0.01s]
[2026-06-27T16:50:30.116+0000] {subprocess.py:93} INFO - [0m16:50:30  4 of 88 SKIP test accepted_values_stg_coursera_platform__Coursera .............. [[33mSKIP[0m]
[2026-06-27T16:50:30.117+0000] {subprocess.py:93} INFO - [0m16:50:30  5 of 88 SKIP test dbt_utils_accepted_range_stg_coursera_duration_hours__0 ...... [[33mSKIP[0m]
[2026-06-27T16:50:30.118+0000] {subprocess.py:93} INFO - [0m16:50:30  6 of 88 SKIP test dbt_utils_accepted_range_stg_coursera_enrolled_students__0 ... [[33mSKIP[0m]
[2026-06-27T16:50:30.119+0000] {subprocess.py:93} INFO - [0m16:50:30  7 of 88 SKIP test dbt_utils_accepted_range_stg_coursera_price__0 ............... [[33mSKIP[0m]
[2026-06-27T16:50:30.119+0000] {subprocess.py:93} INFO - [0m16:50:30  8 of 88 SKIP test dbt_utils_accepted_range_stg_coursera_rating__5__0 ........... [[33mSKIP[0m]
[2026-06-27T16:50:30.120+0000] {subprocess.py:93} INFO - [0m16:50:30  9 of 88 SKIP test not_null_stg_coursera_course_id .............................. [[33mSKIP[0m]
[2026-06-27T16:50:30.121+0000] {subprocess.py:93} INFO - [0m16:50:30  10 of 88 SKIP test not_null_stg_coursera_platform .............................. [[33mSKIP[0m]
[2026-06-27T16:50:30.122+0000] {subprocess.py:93} INFO - [0m16:50:30  11 of 88 SKIP test not_null_stg_coursera_title ................................. [[33mSKIP[0m]
[2026-06-27T16:50:30.123+0000] {subprocess.py:93} INFO - [0m16:50:30  12 of 88 SKIP test unique_stg_coursera_course_id ............................... [[33mSKIP[0m]
[2026-06-27T16:50:30.124+0000] {subprocess.py:93} INFO - [0m16:50:30  13 of 88 SKIP test accepted_values_stg_udacity_platform__Udacity ............... [[33mSKIP[0m]
[2026-06-27T16:50:30.125+0000] {subprocess.py:93} INFO - [0m16:50:30  14 of 88 SKIP test dbt_utils_accepted_range_stg_udacity_duration_hours__0 ...... [[33mSKIP[0m]
[2026-06-27T16:50:30.125+0000] {subprocess.py:93} INFO - [0m16:50:30  15 of 88 SKIP test dbt_utils_accepted_range_stg_udacity_enrolled_students__0 ... [[33mSKIP[0m]
[2026-06-27T16:50:30.126+0000] {subprocess.py:93} INFO - [0m16:50:30  16 of 88 SKIP test dbt_utils_accepted_range_stg_udacity_price__0 ............... [[33mSKIP[0m]
[2026-06-27T16:50:30.127+0000] {subprocess.py:93} INFO - [0m16:50:30  17 of 88 SKIP test dbt_utils_accepted_range_stg_udacity_rating__5__0 ........... [[33mSKIP[0m]
[2026-06-27T16:50:30.128+0000] {subprocess.py:93} INFO - [0m16:50:30  18 of 88 SKIP test not_null_stg_udacity_course_id .............................. [[33mSKIP[0m]
[2026-06-27T16:50:30.129+0000] {subprocess.py:93} INFO - [0m16:50:30  19 of 88 SKIP test not_null_stg_udacity_platform ............................... [[33mSKIP[0m]
[2026-06-27T16:50:30.130+0000] {subprocess.py:93} INFO - [0m16:50:30  20 of 88 SKIP test not_null_stg_udacity_title .................................. [[33mSKIP[0m]
[2026-06-27T16:50:30.131+0000] {subprocess.py:93} INFO - [0m16:50:30  21 of 88 SKIP test unique_stg_udacity_course_id ................................ [[33mSKIP[0m]
[2026-06-27T16:50:30.132+0000] {subprocess.py:93} INFO - [0m16:50:30  22 of 88 SKIP test accepted_values_stg_udemy_platform__Udemy ................... [[33mSKIP[0m]
[2026-06-27T16:50:30.133+0000] {subprocess.py:93} INFO - [0m16:50:30  23 of 88 SKIP test dbt_utils_accepted_range_stg_udemy_duration_hours__0 ........ [[33mSKIP[0m]
[2026-06-27T16:50:30.134+0000] {subprocess.py:93} INFO - [0m16:50:30  24 of 88 SKIP test dbt_utils_accepted_range_stg_udemy_enrolled_students__0 ..... [[33mSKIP[0m]
[2026-06-27T16:50:30.135+0000] {subprocess.py:93} INFO - [0m16:50:30  25 of 88 SKIP test dbt_utils_accepted_range_stg_udemy_price__0 ................. [[33mSKIP[0m]
[2026-06-27T16:50:30.136+0000] {subprocess.py:93} INFO - [0m16:50:30  26 of 88 SKIP test dbt_utils_accepted_range_stg_udemy_rating__5__0 ............. [[33mSKIP[0m]
[2026-06-27T16:50:30.137+0000] {subprocess.py:93} INFO - [0m16:50:30  27 of 88 SKIP test not_null_stg_udemy_course_id ................................ [[33mSKIP[0m]
[2026-06-27T16:50:30.138+0000] {subprocess.py:93} INFO - [0m16:50:30  28 of 88 SKIP test not_null_stg_udemy_platform ................................. [[33mSKIP[0m]
[2026-06-27T16:50:30.139+0000] {subprocess.py:93} INFO - [0m16:50:30  29 of 88 SKIP test not_null_stg_udemy_title .................................... [[33mSKIP[0m]
[2026-06-27T16:50:30.140+0000] {subprocess.py:93} INFO - [0m16:50:30  30 of 88 SKIP test unique_stg_udemy_course_id .................................. [[33mSKIP[0m]
[2026-06-27T16:50:30.141+0000] {subprocess.py:93} INFO - [0m16:50:30  31 of 88 SKIP relation main.int_courses_combined ............................... [[33mSKIP[0m]
[2026-06-27T16:50:30.142+0000] {subprocess.py:93} INFO - [0m16:50:30  32 of 88 SKIP test accepted_values_int_courses_combined_platform__Coursera__Udacity__Udemy  [[33mSKIP[0m]
[2026-06-27T16:50:30.143+0000] {subprocess.py:93} INFO - [0m16:50:30  33 of 88 SKIP test dbt_utils_unique_combination_of_columns_int_courses_combined_course_id__platform  [[33mSKIP[0m]
[2026-06-27T16:50:30.144+0000] {subprocess.py:93} INFO - [0m16:50:30  34 of 88 SKIP test not_null_int_courses_combined_course_id ..................... [[33mSKIP[0m]
[2026-06-27T16:50:30.145+0000] {subprocess.py:93} INFO - [0m16:50:30  35 of 88 SKIP test not_null_int_courses_combined_platform ...................... [[33mSKIP[0m]
[2026-06-27T16:50:30.145+0000] {subprocess.py:93} INFO - [0m16:50:30  36 of 88 SKIP test not_null_int_courses_combined_title ......................... [[33mSKIP[0m]
[2026-06-27T16:50:30.147+0000] {subprocess.py:93} INFO - [0m16:50:30  37 of 88 SKIP relation main.int_courses_standardized ........................... [[33mSKIP[0m]
[2026-06-27T16:50:30.148+0000] {subprocess.py:93} INFO - [0m16:50:30  38 of 88 SKIP test accepted_values_int_courses_standardized_duration_category__Short__Medium__Long__Extensive__Unknown  [[33mSKIP[0m]
[2026-06-27T16:50:30.148+0000] {subprocess.py:93} INFO - [0m16:50:30  39 of 88 SKIP test accepted_values_int_courses_standardized_level__Beginner__Intermediate__Advanced__All_Levels__Unknown  [[33mSKIP[0m]
[2026-06-27T16:50:30.149+0000] {subprocess.py:93} INFO - [0m16:50:30  40 of 88 SKIP test accepted_values_int_courses_standardized_platform__Coursera__Udacity__Udemy  [[33mSKIP[0m]
[2026-06-27T16:50:30.150+0000] {subprocess.py:93} INFO - [0m16:50:30  41 of 88 SKIP test accepted_values_int_courses_standardized_price_category__Free__Cheap__Medium__Expensive__Premium__Unknown  [[33mSKIP[0m]
[2026-06-27T16:50:30.151+0000] {subprocess.py:93} INFO - [0m16:50:30  42 of 88 SKIP test dbt_utils_accepted_range_int_courses_standardized_rating__5__0  [[33mSKIP[0m]
[2026-06-27T16:50:30.152+0000] {subprocess.py:93} INFO - [0m16:50:30  43 of 88 SKIP test dbt_utils_unique_combination_of_columns_int_courses_standardized_course_id__platform  [[33mSKIP[0m]
[2026-06-27T16:50:30.153+0000] {subprocess.py:93} INFO - [0m16:50:30  44 of 88 SKIP test not_null_int_courses_standardized_course_id ................. [[33mSKIP[0m]
[2026-06-27T16:50:30.153+0000] {subprocess.py:93} INFO - [0m16:50:30  45 of 88 SKIP test not_null_int_courses_standardized_platform .................. [[33mSKIP[0m]
[2026-06-27T16:50:30.155+0000] {subprocess.py:93} INFO - [0m16:50:30  46 of 88 SKIP relation main.dim_date ........................................... [[33mSKIP[0m]
[2026-06-27T16:50:30.155+0000] {subprocess.py:93} INFO - [0m16:50:30  47 of 88 SKIP relation main.dim_domain ......................................... [[33mSKIP[0m]
[2026-06-27T16:50:30.156+0000] {subprocess.py:93} INFO - [0m16:50:30  48 of 88 SKIP relation main.dim_instructor ..................................... [[33mSKIP[0m]
[2026-06-27T16:50:30.157+0000] {subprocess.py:93} INFO - [0m16:50:30  49 of 88 SKIP relation main.dim_language ....................................... [[33mSKIP[0m]
[2026-06-27T16:50:30.158+0000] {subprocess.py:93} INFO - [0m16:50:30  50 of 88 SKIP relation main.dim_level .......................................... [[33mSKIP[0m]
[2026-06-27T16:50:30.159+0000] {subprocess.py:93} INFO - [0m16:50:30  51 of 88 SKIP relation main.dim_offering_type .................................. [[33mSKIP[0m]
[2026-06-27T16:50:30.160+0000] {subprocess.py:93} INFO - [0m16:50:30  52 of 88 SKIP relation main.dim_platform ....................................... [[33mSKIP[0m]
[2026-06-27T16:50:30.161+0000] {subprocess.py:93} INFO - [0m16:50:30  53 of 88 SKIP relation snapshots.offering_snapshot ............................. [[33mSKIP[0m]
[2026-06-27T16:50:30.162+0000] {subprocess.py:93} INFO - [0m16:50:30  54 of 88 SKIP test not_null_dim_date_date_id ................................... [[33mSKIP[0m]
[2026-06-27T16:50:30.162+0000] {subprocess.py:93} INFO - [0m16:50:30  55 of 88 SKIP test unique_dim_date_date_id ..................................... [[33mSKIP[0m]
[2026-06-27T16:50:30.163+0000] {subprocess.py:93} INFO - [0m16:50:30  56 of 88 SKIP test not_null_dim_domain_domain_id ............................... [[33mSKIP[0m]
[2026-06-27T16:50:30.164+0000] {subprocess.py:93} INFO - [0m16:50:30  57 of 88 SKIP test unique_dim_domain_domain_id ................................. [[33mSKIP[0m]
[2026-06-27T16:50:30.165+0000] {subprocess.py:93} INFO - [0m16:50:30  58 of 88 SKIP test not_null_dim_instructor_instructor_id ....................... [[33mSKIP[0m]
[2026-06-27T16:50:30.166+0000] {subprocess.py:93} INFO - [0m16:50:30  59 of 88 SKIP test unique_dim_instructor_instructor_id ......................... [[33mSKIP[0m]
[2026-06-27T16:50:30.167+0000] {subprocess.py:93} INFO - [0m16:50:30  60 of 88 SKIP test not_null_dim_language_language_id ........................... [[33mSKIP[0m]
[2026-06-27T16:50:30.168+0000] {subprocess.py:93} INFO - [0m16:50:30  61 of 88 SKIP test unique_dim_language_language_id ............................. [[33mSKIP[0m]
[2026-06-27T16:50:30.168+0000] {subprocess.py:93} INFO - [0m16:50:30  62 of 88 SKIP test not_null_dim_level_level_id ................................. [[33mSKIP[0m]
[2026-06-27T16:50:30.169+0000] {subprocess.py:93} INFO - [0m16:50:30  63 of 88 SKIP test unique_dim_level_level_id ................................... [[33mSKIP[0m]
[2026-06-27T16:50:30.170+0000] {subprocess.py:93} INFO - [0m16:50:30  64 of 88 SKIP test not_null_dim_offering_type_offering_type_id ................. [[33mSKIP[0m]
[2026-06-27T16:50:30.171+0000] {subprocess.py:93} INFO - [0m16:50:30  65 of 88 SKIP test unique_dim_offering_type_offering_type_id ................... [[33mSKIP[0m]
[2026-06-27T16:50:30.172+0000] {subprocess.py:93} INFO - [0m16:50:30  66 of 88 SKIP test not_null_dim_platform_platform_id ........................... [[33mSKIP[0m]
[2026-06-27T16:50:30.173+0000] {subprocess.py:93} INFO - [0m16:50:30  67 of 88 SKIP test unique_dim_platform_platform_id ............................. [[33mSKIP[0m]
[2026-06-27T16:50:30.174+0000] {subprocess.py:93} INFO - [0m16:50:30  68 of 88 SKIP relation main.dim_offering ....................................... [[33mSKIP[0m]
[2026-06-27T16:50:30.175+0000] {subprocess.py:93} INFO - [0m16:50:30  69 of 88 SKIP test not_null_dim_offering_offering_id ........................... [[33mSKIP[0m]
[2026-06-27T16:50:30.176+0000] {subprocess.py:93} INFO - [0m16:50:30  70 of 88 SKIP test not_null_dim_offering_offering_sk ........................... [[33mSKIP[0m]
[2026-06-27T16:50:30.176+0000] {subprocess.py:93} INFO - [0m16:50:30  71 of 88 SKIP test unique_dim_offering_offering_sk ............................. [[33mSKIP[0m]
[2026-06-27T16:50:30.177+0000] {subprocess.py:93} INFO - [0m16:50:30  72 of 88 SKIP relation main.fact_offerings ..................................... [[33mSKIP[0m]
[2026-06-27T16:50:30.178+0000] {subprocess.py:93} INFO - [0m16:50:30  73 of 88 SKIP test not_null_fact_offerings_date_id ............................. [[33mSKIP[0m]
[2026-06-27T16:50:30.179+0000] {subprocess.py:93} INFO - [0m16:50:30  74 of 88 SKIP test not_null_fact_offerings_domain_id ........................... [[33mSKIP[0m]
[2026-06-27T16:50:30.180+0000] {subprocess.py:93} INFO - [0m16:50:30  75 of 88 SKIP test not_null_fact_offerings_instructor_id ....................... [[33mSKIP[0m]
[2026-06-27T16:50:30.181+0000] {subprocess.py:93} INFO - [0m16:50:30  76 of 88 SKIP test not_null_fact_offerings_language_id ......................... [[33mSKIP[0m]
[2026-06-27T16:50:30.182+0000] {subprocess.py:93} INFO - [0m16:50:30  77 of 88 SKIP test not_null_fact_offerings_level_id ............................ [[33mSKIP[0m]
[2026-06-27T16:50:30.183+0000] {subprocess.py:93} INFO - [0m16:50:30  78 of 88 SKIP test not_null_fact_offerings_offering_sk ......................... [[33mSKIP[0m]
[2026-06-27T16:50:30.183+0000] {subprocess.py:93} INFO - [0m16:50:30  79 of 88 SKIP test not_null_fact_offerings_offering_type_id .................... [[33mSKIP[0m]
[2026-06-27T16:50:30.184+0000] {subprocess.py:93} INFO - [0m16:50:30  80 of 88 SKIP test not_null_fact_offerings_platform_id ......................... [[33mSKIP[0m]
[2026-06-27T16:50:30.185+0000] {subprocess.py:93} INFO - [0m16:50:30  81 of 88 SKIP test relationships_fact_offerings_date_id__date_id__ref_dim_date_  [[33mSKIP[0m]
[2026-06-27T16:50:30.186+0000] {subprocess.py:93} INFO - [0m16:50:30  82 of 88 SKIP test relationships_fact_offerings_domain_id__domain_id__ref_dim_domain_  [[33mSKIP[0m]
[2026-06-27T16:50:30.187+0000] {subprocess.py:93} INFO - [0m16:50:30  83 of 88 SKIP test relationships_fact_offerings_instructor_id__instructor_id__ref_dim_instructor_  [[33mSKIP[0m]
[2026-06-27T16:50:30.188+0000] {subprocess.py:93} INFO - [0m16:50:30  84 of 88 SKIP test relationships_fact_offerings_language_id__language_id__ref_dim_language_  [[33mSKIP[0m]
[2026-06-27T16:50:30.188+0000] {subprocess.py:93} INFO - [0m16:50:30  85 of 88 SKIP test relationships_fact_offerings_level_id__level_id__ref_dim_level_  [[33mSKIP[0m]
[2026-06-27T16:50:30.189+0000] {subprocess.py:93} INFO - [0m16:50:30  86 of 88 SKIP test relationships_fact_offerings_offering_sk__offering_sk__ref_dim_offering_  [[33mSKIP[0m]
[2026-06-27T16:50:30.190+0000] {subprocess.py:93} INFO - [0m16:50:30  87 of 88 SKIP test relationships_fact_offerings_offering_type_id__offering_type_id__ref_dim_offering_type_  [[33mSKIP[0m]
[2026-06-27T16:50:30.191+0000] {subprocess.py:93} INFO - [0m16:50:30  88 of 88 SKIP test relationships_fact_offerings_platform_id__platform_id__ref_dim_platform_  [[33mSKIP[0m]
[2026-06-27T16:50:30.194+0000] {subprocess.py:93} INFO - [0m16:50:30
[2026-06-27T16:50:30.195+0000] {subprocess.py:93} INFO - [0m16:50:30  Finished running 1 snapshot, 9 table models, 73 data tests, 5 view models in 0 hours 0 minutes and 0.22 seconds (0.22s).
[2026-06-27T16:50:30.227+0000] {subprocess.py:93} INFO - [0m16:50:30
[2026-06-27T16:50:30.228+0000] {subprocess.py:93} INFO - [0m16:50:30  [31mCompleted with 3 errors, 0 partial successes, and 0 warnings:[0m
[2026-06-27T16:50:30.228+0000] {subprocess.py:93} INFO - [0m16:50:30
[2026-06-27T16:50:30.228+0000] {subprocess.py:93} INFO - [0m16:50:30  [31mFailure in model stg_coursera (models/staging/stg_coursera.sql)[0m
[2026-06-27T16:50:30.228+0000] {subprocess.py:93} INFO - [0m16:50:30    Runtime Error in model stg_coursera (models/staging/stg_coursera.sql)
[2026-06-27T16:50:30.228+0000] {subprocess.py:93} INFO -   Catalog Error: Table with name coursera_final_data does not exist!
[2026-06-27T16:50:30.228+0000] {subprocess.py:93} INFO -   Did you mean "information_schema.constraint_table_usage"?
[2026-06-27T16:50:30.228+0000] {subprocess.py:93} INFO - 
[2026-06-27T16:50:30.228+0000] {subprocess.py:93} INFO -   LINE 8:     select * from "dbt_local"."main"."coursera_final_data"
[2026-06-27T16:50:30.229+0000] {subprocess.py:93} INFO -                             ^
[2026-06-27T16:50:30.229+0000] {subprocess.py:93} INFO - [0m16:50:30
[2026-06-27T16:50:30.229+0000] {subprocess.py:93} INFO - [0m16:50:30    compiled code at target/compiled/dbt_project/models/staging/stg_coursera.sql
[2026-06-27T16:50:30.229+0000] {subprocess.py:93} INFO - [0m16:50:30
[2026-06-27T16:50:30.229+0000] {subprocess.py:93} INFO - [0m16:50:30  [31mFailure in model stg_udacity (models/staging/stg_udacity.sql)[0m
[2026-06-27T16:50:30.229+0000] {subprocess.py:93} INFO - [0m16:50:30    Runtime Error in model stg_udacity (models/staging/stg_udacity.sql)
[2026-06-27T16:50:30.229+0000] {subprocess.py:93} INFO -   Catalog Error: Table with name udacity_final_data does not exist!
[2026-06-27T16:50:30.229+0000] {subprocess.py:93} INFO -   Did you mean "main.pragma_database_list"?
[2026-06-27T16:50:30.229+0000] {subprocess.py:93} INFO - 
[2026-06-27T16:50:30.229+0000] {subprocess.py:93} INFO -   LINE 8:     select * from "dbt_local"."main"."udacity_final_data"
[2026-06-27T16:50:30.229+0000] {subprocess.py:93} INFO -                             ^
[2026-06-27T16:50:30.229+0000] {subprocess.py:93} INFO - [0m16:50:30
[2026-06-27T16:50:30.229+0000] {subprocess.py:93} INFO - [0m16:50:30    compiled code at target/compiled/dbt_project/models/staging/stg_udacity.sql
[2026-06-27T16:50:30.230+0000] {subprocess.py:93} INFO - [0m16:50:30
[2026-06-27T16:50:30.230+0000] {subprocess.py:93} INFO - [0m16:50:30  [31mFailure in model stg_udemy (models/staging/stg_udemy.sql)[0m
[2026-06-27T16:50:30.230+0000] {subprocess.py:93} INFO - [0m16:50:30    Runtime Error in model stg_udemy (models/staging/stg_udemy.sql)
[2026-06-27T16:50:30.230+0000] {subprocess.py:93} INFO -   Catalog Error: Table with name udemy_final_data does not exist!
[2026-06-27T16:50:30.230+0000] {subprocess.py:93} INFO -   Did you mean "information_schema.schemata"?
[2026-06-27T16:50:30.230+0000] {subprocess.py:93} INFO - 
[2026-06-27T16:50:30.230+0000] {subprocess.py:93} INFO -   LINE 8:     select * from "dbt_local"."main"."udemy_final_data"
[2026-06-27T16:50:30.230+0000] {subprocess.py:93} INFO -                             ^
[2026-06-27T16:50:30.230+0000] {subprocess.py:93} INFO - [0m16:50:30
[2026-06-27T16:50:30.230+0000] {subprocess.py:93} INFO - [0m16:50:30    compiled code at target/compiled/dbt_project/models/staging/stg_udemy.sql
[2026-06-27T16:50:30.230+0000] {subprocess.py:93} INFO - [0m16:50:30
[2026-06-27T16:50:30.230+0000] {subprocess.py:93} INFO - [0m16:50:30  Done. PASS=0 WARN=0 ERROR=3 SKIP=85 NO-OP=0 TOTAL=88
[2026-06-27T16:50:30.997+0000] {subprocess.py:97} INFO - Command exited with return code 1
[2026-06-27T16:50:30.998+0000] {taskinstance.py:441} INFO - ::group::Post task execution logs
[2026-06-27T16:50:31.006+0000] {taskinstance.py:2905} ERROR - Task failed with exception
Traceback (most recent call last):
  File "/home/airflow/.local/lib/python3.12/site-packages/airflow/models/taskinstance.py", line 465, in _execute_task
    result = _execute_callable(context=context, **execute_callable_kwargs)
             ^^^^^^^^^^^^^^^^^^^^^^^^^^^^^^^^^^^^^^^^^^^^^^^^^^^^^^^^^^^^^
  File "/home/airflow/.local/lib/python3.12/site-packages/airflow/models/taskinstance.py", line 432, in _execute_callable
    return execute_callable(context=context, **execute_callable_kwargs)
           ^^^^^^^^^^^^^^^^^^^^^^^^^^^^^^^^^^^^^^^^^^^^^^^^^^^^^^^^^^^^
  File "/home/airflow/.local/lib/python3.12/site-packages/airflow/models/baseoperator.py", line 401, in wrapper
    return func(self, *args, **kwargs)
           ^^^^^^^^^^^^^^^^^^^^^^^^^^^
  File "/home/airflow/.local/lib/python3.12/site-packages/airflow/operators/bash.py", line 243, in execute
    raise AirflowException(
airflow.exceptions.AirflowException: Bash command failed. The command returned a non-zero exit code 1.
[2026-06-27T16:50:31.008+0000] {taskinstance.py:1206} INFO - Marking task as UP_FOR_RETRY. dag_id=course_data_pipeline, task_id=dbt_build, run_id=manual__2026-06-27T16:45:54.019887+00:00, execution_date=20260627T164554, start_date=20260627T165028, end_date=20260627T165031
[2026-06-27T16:50:31.014+0000] {standard_task_runner.py:110} ERROR - Failed to execute job 10 for task dbt_build (Bash command failed. The command returned a non-zero exit code 1.; 667)
[2026-06-27T16:50:31.044+0000] {local_task_job_runner.py:243} INFO - Task exited with return code 1
[2026-06-27T16:50:31.056+0000] {taskinstance.py:3503} INFO - 0 downstream tasks scheduled from follow-on schedule check
[2026-06-27T16:50:31.056+0000] {local_task_job_runner.py:222} INFO - ::endgroup::
